[2026-02-07T09:36:32.340+0000] {local_task_job_runner.py:120} INFO - ::group::Pre task execution logs
[2026-02-07T09:36:32.360+0000] {taskinstance.py:2076} INFO - Dependencies all met for dep_context=non-requeueable deps ti=<TaskInstance: transfer_from_minio_to_snowflake.create_stage manual__2026-02-07T09:36:24.045769+00:00 [queued]>
[2026-02-07T09:36:32.363+0000] {taskinstance.py:2076} INFO - Dependencies all met for dep_context=requeueable deps ti=<TaskInstance: transfer_from_minio_to_snowflake.create_stage manual__2026-02-07T09:36:24.045769+00:00 [queued]>
[2026-02-07T09:36:32.363+0000] {taskinstance.py:2306} INFO - Starting attempt 1 of 3
[2026-02-07T09:36:32.368+0000] {taskinstance.py:2330} INFO - Executing <Task(SQLExecuteQueryOperator): create_stage> on 2026-02-07 09:36:24.045769+00:00
[2026-02-07T09:36:32.376+0000] {logging_mixin.py:188} WARNING - /home/***/.local/lib/python3.12/site-packages/***/task/task_runner/standard_task_runner.py:62 DeprecationWarning: This process (pid=51) is multi-threaded, use of fork() may lead to deadlocks in the child.
[2026-02-07T09:36:32.377+0000] {standard_task_runner.py:64} INFO - Started process 63 to run task
[2026-02-07T09:36:32.376+0000] {standard_task_runner.py:90} INFO - Running: ['***', 'tasks', 'run', 'transfer_from_minio_to_snowflake', 'create_stage', 'manual__2026-02-07T09:36:24.045769+00:00', '--job-id', '100', '--raw', '--subdir', 'DAGS_FOLDER/transfer.py', '--cfg-path', '/tmp/tmp5bpo4lpz']
[2026-02-07T09:36:32.378+0000] {standard_task_runner.py:91} INFO - Job 100: Subtask create_stage
[2026-02-07T09:36:32.409+0000] {task_command.py:426} INFO - Running <TaskInstance: transfer_from_minio_to_snowflake.create_stage manual__2026-02-07T09:36:24.045769+00:00 [running]> on host 83f212180a9d
[2026-02-07T09:36:32.609+0000] {taskinstance.py:2648} INFO - Exporting env vars: AIRFLOW_CTX_DAG_OWNER='***' AIRFLOW_CTX_DAG_ID='transfer_from_minio_to_snowflake' AIRFLOW_CTX_TASK_ID='create_stage' AIRFLOW_CTX_EXECUTION_DATE='2026-02-07T09:36:24.045769+00:00' AIRFLOW_CTX_TRY_NUMBER='1' AIRFLOW_CTX_DAG_RUN_ID='manual__2026-02-07T09:36:24.045769+00:00'
[2026-02-07T09:36:32.609+0000] {taskinstance.py:430} INFO - ::endgroup::
[2026-02-07T09:36:32.609+0000] {sql.py:282} INFO - Executing:  CREATE STAGE IF NOT EXISTS incoming  
                 URL = 's3://de-project-banking-pipeline-dev-1/transactions'
                 STORAGE_INTEGRATION = my_s3_integration
                 FILE_FORMAT = (TYPE = 'JSON'); 
[2026-02-07T09:36:32.619+0000] {base.py:84} INFO - Using connection ID 'warehouse_id' for task execution.
[2026-02-07T09:36:32.692+0000] {base.py:84} INFO - Using connection ID 'warehouse_id' for task execution.
[2026-02-07T09:36:32.732+0000] {connection.py:611} INFO - Snowflake Connector for Python Version: 4.2.0, Python Version: 3.12.4, Platform: Linux-6.12.67-linuxkit-aarch64-with-glibc2.36
[2026-02-07T09:36:32.732+0000] {connection.py:1695} INFO - Connecting to GLOBAL Snowflake domain
[2026-02-07T09:36:33.392+0000] {sql.py:495} INFO - Running statement: CREATE STAGE IF NOT EXISTS incoming  
                 URL = 's3://de-project-banking-pipeline-dev-1/transactions'
                 STORAGE_INTEGRATION = my_s3_integration
                 FILE_FORMAT = (TYPE = 'JSON');, parameters: None
[2026-02-07T09:36:35.075+0000] {sql.py:504} INFO - Rows affected: 1
[2026-02-07T09:36:35.086+0000] {snowflake.py:422} INFO - Rows affected: 1
[2026-02-07T09:36:35.087+0000] {snowflake.py:423} INFO - Snowflake query id: 01c24020-0001-8ceb-000c-3902000193be
[2026-02-07T09:36:35.247+0000] {taskinstance.py:441} INFO - ::group::Post task execution logs
[2026-02-07T09:36:35.292+0000] {taskinstance.py:1206} INFO - Marking task as SUCCESS. dag_id=transfer_from_minio_to_snowflake, task_id=create_stage, run_id=manual__2026-02-07T09:36:24.045769+00:00, execution_date=20260207T093624, start_date=20260207T093632, end_date=20260207T093635
[2026-02-07T09:36:35.334+0000] {local_task_job_runner.py:243} INFO - Task exited with return code 0
[2026-02-07T09:36:35.372+0000] {taskinstance.py:3503} INFO - 1 downstream tasks scheduled from follow-on schedule check
[2026-02-07T09:36:35.373+0000] {local_task_job_runner.py:222} INFO - ::endgroup::
