[2026-02-07T09:36:26.961+0000] {local_task_job_runner.py:120} INFO - ::group::Pre task execution logs
[2026-02-07T09:36:26.990+0000] {taskinstance.py:2076} INFO - Dependencies all met for dep_context=non-requeueable deps ti=<TaskInstance: transfer_from_minio_to_snowflake.create_bronze manual__2026-02-07T09:36:24.045769+00:00 [queued]>
[2026-02-07T09:36:26.994+0000] {taskinstance.py:2076} INFO - Dependencies all met for dep_context=requeueable deps ti=<TaskInstance: transfer_from_minio_to_snowflake.create_bronze manual__2026-02-07T09:36:24.045769+00:00 [queued]>
[2026-02-07T09:36:26.994+0000] {taskinstance.py:2306} INFO - Starting attempt 1 of 3
[2026-02-07T09:36:27.004+0000] {taskinstance.py:2330} INFO - Executing <Task(SQLExecuteQueryOperator): create_bronze> on 2026-02-07 09:36:24.045769+00:00
[2026-02-07T09:36:27.011+0000] {logging_mixin.py:188} WARNING - /home/***/.local/lib/python3.12/site-packages/***/task/task_runner/standard_task_runner.py:62 DeprecationWarning: This process (pid=32) is multi-threaded, use of fork() may lead to deadlocks in the child.
[2026-02-07T09:36:27.013+0000] {standard_task_runner.py:64} INFO - Started process 44 to run task
[2026-02-07T09:36:27.011+0000] {standard_task_runner.py:90} INFO - Running: ['***', 'tasks', 'run', 'transfer_from_minio_to_snowflake', 'create_bronze', 'manual__2026-02-07T09:36:24.045769+00:00', '--job-id', '99', '--raw', '--subdir', 'DAGS_FOLDER/transfer.py', '--cfg-path', '/tmp/tmptpugf1yx']
[2026-02-07T09:36:27.013+0000] {standard_task_runner.py:91} INFO - Job 99: Subtask create_bronze
[2026-02-07T09:36:27.043+0000] {task_command.py:426} INFO - Running <TaskInstance: transfer_from_minio_to_snowflake.create_bronze manual__2026-02-07T09:36:24.045769+00:00 [running]> on host 83f212180a9d
[2026-02-07T09:36:27.365+0000] {taskinstance.py:2648} INFO - Exporting env vars: AIRFLOW_CTX_DAG_OWNER='***' AIRFLOW_CTX_DAG_ID='transfer_from_minio_to_snowflake' AIRFLOW_CTX_TASK_ID='create_bronze' AIRFLOW_CTX_EXECUTION_DATE='2026-02-07T09:36:24.045769+00:00' AIRFLOW_CTX_TRY_NUMBER='1' AIRFLOW_CTX_DAG_RUN_ID='manual__2026-02-07T09:36:24.045769+00:00'
[2026-02-07T09:36:27.365+0000] {taskinstance.py:430} INFO - ::endgroup::
[2026-02-07T09:36:27.365+0000] {sql.py:282} INFO - Executing:  CREATE TABLE IF NOT EXISTS BRONZE (
                    raw_json VARIANT,
                    inserted_at TIMESTAMP_NTZ DEFAULT CURRENT_TIMESTAMP());
                  
[2026-02-07T09:36:27.373+0000] {base.py:84} INFO - Using connection ID 'warehouse_id' for task execution.
[2026-02-07T09:36:27.457+0000] {base.py:84} INFO - Using connection ID 'warehouse_id' for task execution.
[2026-02-07T09:36:27.531+0000] {connection.py:611} INFO - Snowflake Connector for Python Version: 4.2.0, Python Version: 3.12.4, Platform: Linux-6.12.67-linuxkit-aarch64-with-glibc2.36
[2026-02-07T09:36:27.533+0000] {connection.py:1695} INFO - Connecting to GLOBAL Snowflake domain
[2026-02-07T09:36:28.289+0000] {sql.py:495} INFO - Running statement: CREATE TABLE IF NOT EXISTS BRONZE (
                    raw_json VARIANT,
                    inserted_at TIMESTAMP_NTZ DEFAULT CURRENT_TIMESTAMP());, parameters: None
[2026-02-07T09:36:28.382+0000] {sql.py:504} INFO - Rows affected: 1
[2026-02-07T09:36:28.383+0000] {snowflake.py:422} INFO - Rows affected: 1
[2026-02-07T09:36:28.383+0000] {snowflake.py:423} INFO - Snowflake query id: 01c24020-0001-8da5-000c-39020001f04e
[2026-02-07T09:36:28.546+0000] {taskinstance.py:441} INFO - ::group::Post task execution logs
[2026-02-07T09:36:28.615+0000] {taskinstance.py:1206} INFO - Marking task as SUCCESS. dag_id=transfer_from_minio_to_snowflake, task_id=create_bronze, run_id=manual__2026-02-07T09:36:24.045769+00:00, execution_date=20260207T093624, start_date=20260207T093626, end_date=20260207T093628
[2026-02-07T09:36:28.668+0000] {local_task_job_runner.py:243} INFO - Task exited with return code 0
[2026-02-07T09:36:28.709+0000] {taskinstance.py:3503} INFO - 1 downstream tasks scheduled from follow-on schedule check
[2026-02-07T09:36:28.711+0000] {local_task_job_runner.py:222} INFO - ::endgroup::
