[2026-02-07T09:36:38.015+0000] {local_task_job_runner.py:120} INFO - ::group::Pre task execution logs
[2026-02-07T09:36:38.033+0000] {taskinstance.py:2076} INFO - Dependencies all met for dep_context=non-requeueable deps ti=<TaskInstance: transfer_from_minio_to_snowflake.copy manual__2026-02-07T09:36:24.045769+00:00 [queued]>
[2026-02-07T09:36:38.038+0000] {taskinstance.py:2076} INFO - Dependencies all met for dep_context=requeueable deps ti=<TaskInstance: transfer_from_minio_to_snowflake.copy manual__2026-02-07T09:36:24.045769+00:00 [queued]>
[2026-02-07T09:36:38.038+0000] {taskinstance.py:2306} INFO - Starting attempt 1 of 3
[2026-02-07T09:36:38.044+0000] {taskinstance.py:2330} INFO - Executing <Task(CopyFromExternalStageToSnowflakeOperator): copy> on 2026-02-07 09:36:24.045769+00:00
[2026-02-07T09:36:38.050+0000] {logging_mixin.py:188} WARNING - /home/***/.local/lib/python3.12/site-packages/***/task/task_runner/standard_task_runner.py:62 DeprecationWarning: This process (pid=70) is multi-threaded, use of fork() may lead to deadlocks in the child.
[2026-02-07T09:36:38.051+0000] {standard_task_runner.py:64} INFO - Started process 82 to run task
[2026-02-07T09:36:38.050+0000] {standard_task_runner.py:90} INFO - Running: ['***', 'tasks', 'run', 'transfer_from_minio_to_snowflake', 'copy', 'manual__2026-02-07T09:36:24.045769+00:00', '--job-id', '101', '--raw', '--subdir', 'DAGS_FOLDER/transfer.py', '--cfg-path', '/tmp/tmprgxlvls_']
[2026-02-07T09:36:38.053+0000] {standard_task_runner.py:91} INFO - Job 101: Subtask copy
[2026-02-07T09:36:38.097+0000] {task_command.py:426} INFO - Running <TaskInstance: transfer_from_minio_to_snowflake.copy manual__2026-02-07T09:36:24.045769+00:00 [running]> on host 83f212180a9d
[2026-02-07T09:36:38.276+0000] {taskinstance.py:2648} INFO - Exporting env vars: AIRFLOW_CTX_DAG_OWNER='***' AIRFLOW_CTX_DAG_ID='transfer_from_minio_to_snowflake' AIRFLOW_CTX_TASK_ID='copy' AIRFLOW_CTX_EXECUTION_DATE='2026-02-07T09:36:24.045769+00:00' AIRFLOW_CTX_TRY_NUMBER='1' AIRFLOW_CTX_DAG_RUN_ID='manual__2026-02-07T09:36:24.045769+00:00'
[2026-02-07T09:36:38.277+0000] {taskinstance.py:430} INFO - ::endgroup::
[2026-02-07T09:36:38.277+0000] {copy_into_snowflake.py:142} INFO - Executing COPY command...
[2026-02-07T09:36:38.283+0000] {base.py:84} INFO - Using connection ID 'warehouse_id' for task execution.
[2026-02-07T09:36:38.322+0000] {connection.py:611} INFO - Snowflake Connector for Python Version: 4.2.0, Python Version: 3.12.4, Platform: Linux-6.12.67-linuxkit-aarch64-with-glibc2.36
[2026-02-07T09:36:38.322+0000] {connection.py:1695} INFO - Connecting to GLOBAL Snowflake domain
[2026-02-07T09:36:41.161+0000] {sql.py:495} INFO - Running statement: COPY INTO BRONZE
             FROM  @incoming/
        
        
        FILE_FORMAT=(TYPE= 'JSON')
        ON_ERROR= 'continue', parameters: None
[2026-02-07T09:36:48.485+0000] {sql.py:504} INFO - Rows affected: 55
[2026-02-07T09:36:48.490+0000] {snowflake.py:422} INFO - Rows affected: 55
[2026-02-07T09:36:48.491+0000] {snowflake.py:423} INFO - Snowflake query id: 01c24020-0001-8ceb-000c-3902000193c2
[2026-02-07T09:36:48.604+0000] {copy_into_snowflake.py:149} INFO - COPY command completed
[2026-02-07T09:36:48.605+0000] {taskinstance.py:441} INFO - ::group::Post task execution logs
[2026-02-07T09:36:48.643+0000] {taskinstance.py:1206} INFO - Marking task as SUCCESS. dag_id=transfer_from_minio_to_snowflake, task_id=copy, run_id=manual__2026-02-07T09:36:24.045769+00:00, execution_date=20260207T093624, start_date=20260207T093638, end_date=20260207T093648
[2026-02-07T09:36:48.683+0000] {local_task_job_runner.py:243} INFO - Task exited with return code 0
[2026-02-07T09:36:48.714+0000] {taskinstance.py:3503} INFO - 0 downstream tasks scheduled from follow-on schedule check
[2026-02-07T09:36:48.715+0000] {local_task_job_runner.py:222} INFO - ::endgroup::
