[2026-02-07T09:49:19.110+0000] {local_task_job_runner.py:120} INFO - ::group::Pre task execution logs
[2026-02-07T09:49:19.128+0000] {taskinstance.py:2076} INFO - Dependencies all met for dep_context=non-requeueable deps ti=<TaskInstance: transfer_from_minio_to_snowflake.create_bronze scheduled__2026-02-07T09:46:00+00:00 [queued]>
[2026-02-07T09:49:19.131+0000] {taskinstance.py:2076} INFO - Dependencies all met for dep_context=requeueable deps ti=<TaskInstance: transfer_from_minio_to_snowflake.create_bronze scheduled__2026-02-07T09:46:00+00:00 [queued]>
[2026-02-07T09:49:19.131+0000] {taskinstance.py:2306} INFO - Starting attempt 1 of 3
[2026-02-07T09:49:19.136+0000] {taskinstance.py:2330} INFO - Executing <Task(SQLExecuteQueryOperator): create_bronze> on 2026-02-07 09:46:00+00:00
[2026-02-07T09:49:19.145+0000] {logging_mixin.py:188} WARNING - /home/***/.local/lib/python3.12/site-packages/***/task/task_runner/standard_task_runner.py:62 DeprecationWarning: This process (pid=170) is multi-threaded, use of fork() may lead to deadlocks in the child.
[2026-02-07T09:49:19.146+0000] {standard_task_runner.py:64} INFO - Started process 182 to run task
[2026-02-07T09:49:19.145+0000] {standard_task_runner.py:90} INFO - Running: ['***', 'tasks', 'run', 'transfer_from_minio_to_snowflake', 'create_bronze', 'scheduled__2026-02-07T09:46:00+00:00', '--job-id', '105', '--raw', '--subdir', 'DAGS_FOLDER/transfer.py', '--cfg-path', '/tmp/tmp2wh_dq6d']
[2026-02-07T09:49:19.147+0000] {standard_task_runner.py:91} INFO - Job 105: Subtask create_bronze
[2026-02-07T09:49:19.179+0000] {task_command.py:426} INFO - Running <TaskInstance: transfer_from_minio_to_snowflake.create_bronze scheduled__2026-02-07T09:46:00+00:00 [running]> on host 83f212180a9d
[2026-02-07T09:49:19.502+0000] {taskinstance.py:2648} INFO - Exporting env vars: AIRFLOW_CTX_DAG_OWNER='***' AIRFLOW_CTX_DAG_ID='transfer_from_minio_to_snowflake' AIRFLOW_CTX_TASK_ID='create_bronze' AIRFLOW_CTX_EXECUTION_DATE='2026-02-07T09:46:00+00:00' AIRFLOW_CTX_TRY_NUMBER='1' AIRFLOW_CTX_DAG_RUN_ID='scheduled__2026-02-07T09:46:00+00:00'
[2026-02-07T09:49:19.503+0000] {taskinstance.py:430} INFO - ::endgroup::
[2026-02-07T09:49:19.504+0000] {sql.py:282} INFO - Executing:  CREATE TABLE IF NOT EXISTS BRONZE (
                    raw_json VARIANT,
                    inserted_at TIMESTAMP_NTZ DEFAULT CURRENT_TIMESTAMP());
                  
[2026-02-07T09:49:19.513+0000] {base.py:84} INFO - Using connection ID 'warehouse_id' for task execution.
[2026-02-07T09:49:19.555+0000] {base.py:84} INFO - Using connection ID 'warehouse_id' for task execution.
[2026-02-07T09:49:19.629+0000] {connection.py:611} INFO - Snowflake Connector for Python Version: 4.2.0, Python Version: 3.12.4, Platform: Linux-6.12.67-linuxkit-aarch64-with-glibc2.36
[2026-02-07T09:49:19.630+0000] {connection.py:1695} INFO - Connecting to GLOBAL Snowflake domain
[2026-02-07T09:49:21.325+0000] {sql.py:495} INFO - Running statement: CREATE TABLE IF NOT EXISTS BRONZE (
                    raw_json VARIANT,
                    inserted_at TIMESTAMP_NTZ DEFAULT CURRENT_TIMESTAMP());, parameters: None
[2026-02-07T09:49:21.418+0000] {sql.py:504} INFO - Rows affected: 1
[2026-02-07T09:49:21.420+0000] {snowflake.py:422} INFO - Rows affected: 1
[2026-02-07T09:49:21.420+0000] {snowflake.py:423} INFO - Snowflake query id: 01c2402d-0001-8ceb-000c-3902000193de
[2026-02-07T09:49:21.596+0000] {taskinstance.py:441} INFO - ::group::Post task execution logs
[2026-02-07T09:49:21.632+0000] {taskinstance.py:1206} INFO - Marking task as SUCCESS. dag_id=transfer_from_minio_to_snowflake, task_id=create_bronze, run_id=scheduled__2026-02-07T09:46:00+00:00, execution_date=20260207T094600, start_date=20260207T094919, end_date=20260207T094921
[2026-02-07T09:49:21.681+0000] {local_task_job_runner.py:243} INFO - Task exited with return code 0
[2026-02-07T09:49:21.718+0000] {taskinstance.py:3503} INFO - 1 downstream tasks scheduled from follow-on schedule check
[2026-02-07T09:49:21.719+0000] {local_task_job_runner.py:222} INFO - ::endgroup::
