[2026-02-04T06:43:06.946+0000] {processor.py:161} INFO - Started process (PID=30) to work on /opt/airflow/dags/transformation.py
[2026-02-04T06:43:06.947+0000] {processor.py:830} INFO - Processing file /opt/airflow/dags/transformation.py for tasks to queue
[2026-02-04T06:43:06.951+0000] {logging_mixin.py:188} INFO - [2026-02-04T06:43:06.951+0000] {dagbag.py:545} INFO - Filling up the DagBag from /opt/airflow/dags/transformation.py
[2026-02-04T06:43:06.970+0000] {processor.py:840} INFO - DAG(s) 'banking_end_to_end_pipeline' retrieved from /opt/airflow/dags/transformation.py
[2026-02-04T06:43:07.130+0000] {logging_mixin.py:188} INFO - [2026-02-04T06:43:07.130+0000] {override.py:1858} INFO - Created Permission View: can delete on DAG:banking_end_to_end_pipeline
[2026-02-04T06:43:07.136+0000] {logging_mixin.py:188} INFO - [2026-02-04T06:43:07.136+0000] {override.py:1858} INFO - Created Permission View: can edit on DAG:banking_end_to_end_pipeline
[2026-02-04T06:43:07.139+0000] {logging_mixin.py:188} INFO - [2026-02-04T06:43:07.139+0000] {override.py:1858} INFO - Created Permission View: can read on DAG:banking_end_to_end_pipeline
[2026-02-04T06:43:07.140+0000] {logging_mixin.py:188} INFO - [2026-02-04T06:43:07.140+0000] {dag.py:3089} INFO - Sync 1 DAGs
[2026-02-04T06:43:07.148+0000] {logging_mixin.py:188} INFO - [2026-02-04T06:43:07.148+0000] {dag.py:3111} INFO - Creating ORM DAG for banking_end_to_end_pipeline
[2026-02-04T06:43:07.155+0000] {logging_mixin.py:188} INFO - [2026-02-04T06:43:07.154+0000] {dag.py:3947} INFO - Setting next_dagrun for banking_end_to_end_pipeline to 2026-02-04 05:00:00+00:00, run_after=2026-02-04 06:00:00+00:00
[2026-02-04T06:43:07.161+0000] {processor.py:183} INFO - Processing /opt/airflow/dags/transformation.py took 0.224 seconds
[2026-02-04T06:43:37.276+0000] {processor.py:161} INFO - Started process (PID=32) to work on /opt/airflow/dags/transformation.py
[2026-02-04T06:43:37.278+0000] {processor.py:830} INFO - Processing file /opt/airflow/dags/transformation.py for tasks to queue
[2026-02-04T06:43:37.282+0000] {logging_mixin.py:188} INFO - [2026-02-04T06:43:37.281+0000] {dagbag.py:545} INFO - Filling up the DagBag from /opt/airflow/dags/transformation.py
[2026-02-04T06:43:37.313+0000] {processor.py:840} INFO - DAG(s) 'banking_end_to_end_pipeline' retrieved from /opt/airflow/dags/transformation.py
[2026-02-04T06:43:37.350+0000] {logging_mixin.py:188} INFO - [2026-02-04T06:43:37.350+0000] {dag.py:3089} INFO - Sync 1 DAGs
[2026-02-04T06:43:37.365+0000] {logging_mixin.py:188} INFO - [2026-02-04T06:43:37.365+0000] {dag.py:3947} INFO - Setting next_dagrun for banking_end_to_end_pipeline to 2026-02-04 05:00:00+00:00, run_after=2026-02-04 06:00:00+00:00
[2026-02-04T06:43:37.373+0000] {processor.py:183} INFO - Processing /opt/airflow/dags/transformation.py took 0.107 seconds
[2026-02-04T06:44:07.640+0000] {processor.py:161} INFO - Started process (PID=34) to work on /opt/airflow/dags/transformation.py
[2026-02-04T06:44:07.641+0000] {processor.py:830} INFO - Processing file /opt/airflow/dags/transformation.py for tasks to queue
[2026-02-04T06:44:07.644+0000] {logging_mixin.py:188} INFO - [2026-02-04T06:44:07.643+0000] {dagbag.py:545} INFO - Filling up the DagBag from /opt/airflow/dags/transformation.py
[2026-02-04T06:44:07.669+0000] {processor.py:840} INFO - DAG(s) 'banking_end_to_end_pipeline' retrieved from /opt/airflow/dags/transformation.py
[2026-02-04T06:44:07.712+0000] {logging_mixin.py:188} INFO - [2026-02-04T06:44:07.712+0000] {dag.py:3089} INFO - Sync 1 DAGs
[2026-02-04T06:44:07.729+0000] {logging_mixin.py:188} INFO - [2026-02-04T06:44:07.729+0000] {dag.py:3947} INFO - Setting next_dagrun for banking_end_to_end_pipeline to 2026-02-04 05:00:00+00:00, run_after=2026-02-04 06:00:00+00:00
[2026-02-04T06:44:07.739+0000] {processor.py:183} INFO - Processing /opt/airflow/dags/transformation.py took 0.106 seconds
[2026-02-04T06:44:38.006+0000] {processor.py:161} INFO - Started process (PID=36) to work on /opt/airflow/dags/transformation.py
[2026-02-04T06:44:38.008+0000] {processor.py:830} INFO - Processing file /opt/airflow/dags/transformation.py for tasks to queue
[2026-02-04T06:44:38.010+0000] {logging_mixin.py:188} INFO - [2026-02-04T06:44:38.010+0000] {dagbag.py:545} INFO - Filling up the DagBag from /opt/airflow/dags/transformation.py
[2026-02-04T06:44:38.022+0000] {processor.py:840} INFO - DAG(s) 'banking_end_to_end_pipeline' retrieved from /opt/airflow/dags/transformation.py
[2026-02-04T06:44:38.041+0000] {logging_mixin.py:188} INFO - [2026-02-04T06:44:38.041+0000] {dag.py:3089} INFO - Sync 1 DAGs
[2026-02-04T06:44:38.052+0000] {logging_mixin.py:188} INFO - [2026-02-04T06:44:38.052+0000] {dag.py:3947} INFO - Setting next_dagrun for banking_end_to_end_pipeline to 2026-02-04 05:00:00+00:00, run_after=2026-02-04 06:00:00+00:00
[2026-02-04T06:44:38.059+0000] {processor.py:183} INFO - Processing /opt/airflow/dags/transformation.py took 0.064 seconds
[2026-02-04T06:45:08.369+0000] {processor.py:161} INFO - Started process (PID=38) to work on /opt/airflow/dags/transformation.py
[2026-02-04T06:45:08.373+0000] {processor.py:830} INFO - Processing file /opt/airflow/dags/transformation.py for tasks to queue
[2026-02-04T06:45:08.380+0000] {logging_mixin.py:188} INFO - [2026-02-04T06:45:08.379+0000] {dagbag.py:545} INFO - Filling up the DagBag from /opt/airflow/dags/transformation.py
[2026-02-04T06:45:08.409+0000] {processor.py:840} INFO - DAG(s) 'banking_end_to_end_pipeline' retrieved from /opt/airflow/dags/transformation.py
[2026-02-04T06:45:08.502+0000] {logging_mixin.py:188} INFO - [2026-02-04T06:45:08.502+0000] {dag.py:3089} INFO - Sync 1 DAGs
[2026-02-04T06:45:08.514+0000] {logging_mixin.py:188} INFO - [2026-02-04T06:45:08.514+0000] {dag.py:3947} INFO - Setting next_dagrun for banking_end_to_end_pipeline to 2026-02-04 05:00:00+00:00, run_after=2026-02-04 06:00:00+00:00
[2026-02-04T06:45:08.522+0000] {processor.py:183} INFO - Processing /opt/airflow/dags/transformation.py took 0.163 seconds
[2026-02-04T06:45:38.804+0000] {processor.py:161} INFO - Started process (PID=40) to work on /opt/airflow/dags/transformation.py
[2026-02-04T06:45:38.805+0000] {processor.py:830} INFO - Processing file /opt/airflow/dags/transformation.py for tasks to queue
[2026-02-04T06:45:38.809+0000] {logging_mixin.py:188} INFO - [2026-02-04T06:45:38.809+0000] {dagbag.py:545} INFO - Filling up the DagBag from /opt/airflow/dags/transformation.py
[2026-02-04T06:45:38.852+0000] {processor.py:840} INFO - DAG(s) 'banking_end_to_end_pipeline' retrieved from /opt/airflow/dags/transformation.py
[2026-02-04T06:45:38.888+0000] {logging_mixin.py:188} INFO - [2026-02-04T06:45:38.888+0000] {dag.py:3089} INFO - Sync 1 DAGs
[2026-02-04T06:45:38.902+0000] {logging_mixin.py:188} INFO - [2026-02-04T06:45:38.902+0000] {dag.py:3947} INFO - Setting next_dagrun for banking_end_to_end_pipeline to 2026-02-04 05:00:00+00:00, run_after=2026-02-04 06:00:00+00:00
[2026-02-04T06:45:38.910+0000] {processor.py:183} INFO - Processing /opt/airflow/dags/transformation.py took 0.119 seconds
[2026-02-04T06:46:09.284+0000] {processor.py:161} INFO - Started process (PID=42) to work on /opt/airflow/dags/transformation.py
[2026-02-04T06:46:09.285+0000] {processor.py:830} INFO - Processing file /opt/airflow/dags/transformation.py for tasks to queue
[2026-02-04T06:46:09.288+0000] {logging_mixin.py:188} INFO - [2026-02-04T06:46:09.287+0000] {dagbag.py:545} INFO - Filling up the DagBag from /opt/airflow/dags/transformation.py
[2026-02-04T06:46:09.312+0000] {processor.py:840} INFO - DAG(s) 'banking_end_to_end_pipeline' retrieved from /opt/airflow/dags/transformation.py
[2026-02-04T06:46:09.347+0000] {logging_mixin.py:188} INFO - [2026-02-04T06:46:09.347+0000] {dag.py:3089} INFO - Sync 1 DAGs
[2026-02-04T06:46:09.364+0000] {logging_mixin.py:188} INFO - [2026-02-04T06:46:09.364+0000] {dag.py:3947} INFO - Setting next_dagrun for banking_end_to_end_pipeline to 2026-02-04 05:00:00+00:00, run_after=2026-02-04 06:00:00+00:00
[2026-02-04T06:46:09.373+0000] {processor.py:183} INFO - Processing /opt/airflow/dags/transformation.py took 0.097 seconds
[2026-02-04T06:46:39.700+0000] {processor.py:161} INFO - Started process (PID=44) to work on /opt/airflow/dags/transformation.py
[2026-02-04T06:46:39.702+0000] {processor.py:830} INFO - Processing file /opt/airflow/dags/transformation.py for tasks to queue
[2026-02-04T06:46:39.703+0000] {logging_mixin.py:188} INFO - [2026-02-04T06:46:39.703+0000] {dagbag.py:545} INFO - Filling up the DagBag from /opt/airflow/dags/transformation.py
[2026-02-04T06:46:39.727+0000] {processor.py:840} INFO - DAG(s) 'banking_end_to_end_pipeline' retrieved from /opt/airflow/dags/transformation.py
[2026-02-04T06:46:39.763+0000] {logging_mixin.py:188} INFO - [2026-02-04T06:46:39.763+0000] {dag.py:3089} INFO - Sync 1 DAGs
[2026-02-04T06:46:39.777+0000] {logging_mixin.py:188} INFO - [2026-02-04T06:46:39.777+0000] {dag.py:3947} INFO - Setting next_dagrun for banking_end_to_end_pipeline to 2026-02-04 05:00:00+00:00, run_after=2026-02-04 06:00:00+00:00
[2026-02-04T06:46:39.786+0000] {processor.py:183} INFO - Processing /opt/airflow/dags/transformation.py took 0.093 seconds
[2026-02-04T06:47:10.124+0000] {processor.py:161} INFO - Started process (PID=46) to work on /opt/airflow/dags/transformation.py
[2026-02-04T06:47:10.125+0000] {processor.py:830} INFO - Processing file /opt/airflow/dags/transformation.py for tasks to queue
[2026-02-04T06:47:10.129+0000] {logging_mixin.py:188} INFO - [2026-02-04T06:47:10.129+0000] {dagbag.py:545} INFO - Filling up the DagBag from /opt/airflow/dags/transformation.py
[2026-02-04T06:47:10.160+0000] {processor.py:840} INFO - DAG(s) 'banking_end_to_end_pipeline' retrieved from /opt/airflow/dags/transformation.py
[2026-02-04T06:47:10.193+0000] {logging_mixin.py:188} INFO - [2026-02-04T06:47:10.192+0000] {dag.py:3089} INFO - Sync 1 DAGs
[2026-02-04T06:47:10.210+0000] {logging_mixin.py:188} INFO - [2026-02-04T06:47:10.210+0000] {dag.py:3947} INFO - Setting next_dagrun for banking_end_to_end_pipeline to 2026-02-04 05:00:00+00:00, run_after=2026-02-04 06:00:00+00:00
[2026-02-04T06:47:10.219+0000] {processor.py:183} INFO - Processing /opt/airflow/dags/transformation.py took 0.105 seconds
[2026-02-04T06:47:40.568+0000] {processor.py:161} INFO - Started process (PID=48) to work on /opt/airflow/dags/transformation.py
[2026-02-04T06:47:40.569+0000] {processor.py:830} INFO - Processing file /opt/airflow/dags/transformation.py for tasks to queue
[2026-02-04T06:47:40.574+0000] {logging_mixin.py:188} INFO - [2026-02-04T06:47:40.573+0000] {dagbag.py:545} INFO - Filling up the DagBag from /opt/airflow/dags/transformation.py
[2026-02-04T06:47:40.604+0000] {processor.py:840} INFO - DAG(s) 'banking_end_to_end_pipeline' retrieved from /opt/airflow/dags/transformation.py
[2026-02-04T06:47:40.639+0000] {logging_mixin.py:188} INFO - [2026-02-04T06:47:40.639+0000] {dag.py:3089} INFO - Sync 1 DAGs
[2026-02-04T06:47:40.655+0000] {logging_mixin.py:188} INFO - [2026-02-04T06:47:40.655+0000] {dag.py:3947} INFO - Setting next_dagrun for banking_end_to_end_pipeline to 2026-02-04 05:00:00+00:00, run_after=2026-02-04 06:00:00+00:00
[2026-02-04T06:47:40.663+0000] {processor.py:183} INFO - Processing /opt/airflow/dags/transformation.py took 0.108 seconds
[2026-02-04T06:48:11.024+0000] {processor.py:161} INFO - Started process (PID=50) to work on /opt/airflow/dags/transformation.py
[2026-02-04T06:48:11.025+0000] {processor.py:830} INFO - Processing file /opt/airflow/dags/transformation.py for tasks to queue
[2026-02-04T06:48:11.031+0000] {logging_mixin.py:188} INFO - [2026-02-04T06:48:11.030+0000] {dagbag.py:545} INFO - Filling up the DagBag from /opt/airflow/dags/transformation.py
[2026-02-04T06:48:11.050+0000] {processor.py:840} INFO - DAG(s) 'banking_end_to_end_pipeline' retrieved from /opt/airflow/dags/transformation.py
[2026-02-04T06:48:11.087+0000] {logging_mixin.py:188} INFO - [2026-02-04T06:48:11.087+0000] {dag.py:3089} INFO - Sync 1 DAGs
[2026-02-04T06:48:11.104+0000] {logging_mixin.py:188} INFO - [2026-02-04T06:48:11.104+0000] {dag.py:3947} INFO - Setting next_dagrun for banking_end_to_end_pipeline to 2026-02-04 05:00:00+00:00, run_after=2026-02-04 06:00:00+00:00
[2026-02-04T06:48:11.114+0000] {processor.py:183} INFO - Processing /opt/airflow/dags/transformation.py took 0.105 seconds
[2026-02-04T06:48:41.432+0000] {processor.py:161} INFO - Started process (PID=52) to work on /opt/airflow/dags/transformation.py
[2026-02-04T06:48:41.433+0000] {processor.py:830} INFO - Processing file /opt/airflow/dags/transformation.py for tasks to queue
[2026-02-04T06:48:41.435+0000] {logging_mixin.py:188} INFO - [2026-02-04T06:48:41.434+0000] {dagbag.py:545} INFO - Filling up the DagBag from /opt/airflow/dags/transformation.py
[2026-02-04T06:48:41.449+0000] {processor.py:840} INFO - DAG(s) 'banking_end_to_end_pipeline' retrieved from /opt/airflow/dags/transformation.py
[2026-02-04T06:48:41.474+0000] {logging_mixin.py:188} INFO - [2026-02-04T06:48:41.474+0000] {dag.py:3089} INFO - Sync 1 DAGs
[2026-02-04T06:48:41.487+0000] {logging_mixin.py:188} INFO - [2026-02-04T06:48:41.487+0000] {dag.py:3947} INFO - Setting next_dagrun for banking_end_to_end_pipeline to 2026-02-04 05:00:00+00:00, run_after=2026-02-04 06:00:00+00:00
[2026-02-04T06:48:41.496+0000] {processor.py:183} INFO - Processing /opt/airflow/dags/transformation.py took 0.072 seconds
[2026-02-04T06:49:11.797+0000] {processor.py:161} INFO - Started process (PID=54) to work on /opt/airflow/dags/transformation.py
[2026-02-04T06:49:11.798+0000] {processor.py:830} INFO - Processing file /opt/airflow/dags/transformation.py for tasks to queue
[2026-02-04T06:49:11.800+0000] {logging_mixin.py:188} INFO - [2026-02-04T06:49:11.800+0000] {dagbag.py:545} INFO - Filling up the DagBag from /opt/airflow/dags/transformation.py
[2026-02-04T06:49:11.814+0000] {processor.py:840} INFO - DAG(s) 'banking_end_to_end_pipeline' retrieved from /opt/airflow/dags/transformation.py
[2026-02-04T06:49:11.835+0000] {logging_mixin.py:188} INFO - [2026-02-04T06:49:11.835+0000] {dag.py:3089} INFO - Sync 1 DAGs
[2026-02-04T06:49:11.846+0000] {logging_mixin.py:188} INFO - [2026-02-04T06:49:11.846+0000] {dag.py:3947} INFO - Setting next_dagrun for banking_end_to_end_pipeline to 2026-02-04 05:00:00+00:00, run_after=2026-02-04 06:00:00+00:00
[2026-02-04T06:49:11.853+0000] {processor.py:183} INFO - Processing /opt/airflow/dags/transformation.py took 0.062 seconds
[2026-02-04T06:49:42.219+0000] {processor.py:161} INFO - Started process (PID=56) to work on /opt/airflow/dags/transformation.py
[2026-02-04T06:49:42.220+0000] {processor.py:830} INFO - Processing file /opt/airflow/dags/transformation.py for tasks to queue
[2026-02-04T06:49:42.223+0000] {logging_mixin.py:188} INFO - [2026-02-04T06:49:42.223+0000] {dagbag.py:545} INFO - Filling up the DagBag from /opt/airflow/dags/transformation.py
[2026-02-04T06:49:42.253+0000] {processor.py:840} INFO - DAG(s) 'banking_end_to_end_pipeline' retrieved from /opt/airflow/dags/transformation.py
[2026-02-04T06:49:42.287+0000] {logging_mixin.py:188} INFO - [2026-02-04T06:49:42.287+0000] {dag.py:3089} INFO - Sync 1 DAGs
[2026-02-04T06:49:42.299+0000] {logging_mixin.py:188} INFO - [2026-02-04T06:49:42.299+0000] {dag.py:3947} INFO - Setting next_dagrun for banking_end_to_end_pipeline to 2026-02-04 05:00:00+00:00, run_after=2026-02-04 06:00:00+00:00
[2026-02-04T06:49:42.307+0000] {processor.py:183} INFO - Processing /opt/airflow/dags/transformation.py took 0.099 seconds
[2026-02-04T06:50:12.729+0000] {processor.py:161} INFO - Started process (PID=58) to work on /opt/airflow/dags/transformation.py
[2026-02-04T06:50:12.731+0000] {processor.py:830} INFO - Processing file /opt/airflow/dags/transformation.py for tasks to queue
[2026-02-04T06:50:12.736+0000] {logging_mixin.py:188} INFO - [2026-02-04T06:50:12.736+0000] {dagbag.py:545} INFO - Filling up the DagBag from /opt/airflow/dags/transformation.py
[2026-02-04T06:50:12.761+0000] {processor.py:840} INFO - DAG(s) 'banking_end_to_end_pipeline' retrieved from /opt/airflow/dags/transformation.py
[2026-02-04T06:50:12.794+0000] {logging_mixin.py:188} INFO - [2026-02-04T06:50:12.794+0000] {dag.py:3089} INFO - Sync 1 DAGs
[2026-02-04T06:50:12.807+0000] {logging_mixin.py:188} INFO - [2026-02-04T06:50:12.807+0000] {dag.py:3947} INFO - Setting next_dagrun for banking_end_to_end_pipeline to 2026-02-04 05:00:00+00:00, run_after=2026-02-04 06:00:00+00:00
[2026-02-04T06:50:12.815+0000] {processor.py:183} INFO - Processing /opt/airflow/dags/transformation.py took 0.095 seconds
[2026-02-04T06:50:43.188+0000] {processor.py:161} INFO - Started process (PID=60) to work on /opt/airflow/dags/transformation.py
[2026-02-04T06:50:43.189+0000] {processor.py:830} INFO - Processing file /opt/airflow/dags/transformation.py for tasks to queue
[2026-02-04T06:50:43.194+0000] {logging_mixin.py:188} INFO - [2026-02-04T06:50:43.193+0000] {dagbag.py:545} INFO - Filling up the DagBag from /opt/airflow/dags/transformation.py
[2026-02-04T06:50:43.220+0000] {processor.py:840} INFO - DAG(s) 'banking_end_to_end_pipeline' retrieved from /opt/airflow/dags/transformation.py
[2026-02-04T06:50:43.258+0000] {logging_mixin.py:188} INFO - [2026-02-04T06:50:43.258+0000] {dag.py:3089} INFO - Sync 1 DAGs
[2026-02-04T06:50:43.275+0000] {logging_mixin.py:188} INFO - [2026-02-04T06:50:43.275+0000] {dag.py:3947} INFO - Setting next_dagrun for banking_end_to_end_pipeline to 2026-02-04 05:00:00+00:00, run_after=2026-02-04 06:00:00+00:00
[2026-02-04T06:50:43.283+0000] {processor.py:183} INFO - Processing /opt/airflow/dags/transformation.py took 0.106 seconds
[2026-02-04T06:51:13.620+0000] {processor.py:161} INFO - Started process (PID=62) to work on /opt/airflow/dags/transformation.py
[2026-02-04T06:51:13.621+0000] {processor.py:830} INFO - Processing file /opt/airflow/dags/transformation.py for tasks to queue
[2026-02-04T06:51:13.626+0000] {logging_mixin.py:188} INFO - [2026-02-04T06:51:13.626+0000] {dagbag.py:545} INFO - Filling up the DagBag from /opt/airflow/dags/transformation.py
[2026-02-04T06:51:13.656+0000] {processor.py:840} INFO - DAG(s) 'banking_end_to_end_pipeline' retrieved from /opt/airflow/dags/transformation.py
[2026-02-04T06:51:13.697+0000] {logging_mixin.py:188} INFO - [2026-02-04T06:51:13.696+0000] {dag.py:3089} INFO - Sync 1 DAGs
[2026-02-04T06:51:13.713+0000] {logging_mixin.py:188} INFO - [2026-02-04T06:51:13.713+0000] {dag.py:3947} INFO - Setting next_dagrun for banking_end_to_end_pipeline to 2026-02-04 05:00:00+00:00, run_after=2026-02-04 06:00:00+00:00
[2026-02-04T06:51:13.724+0000] {processor.py:183} INFO - Processing /opt/airflow/dags/transformation.py took 0.116 seconds
[2026-02-04T06:51:44.064+0000] {processor.py:161} INFO - Started process (PID=64) to work on /opt/airflow/dags/transformation.py
[2026-02-04T06:51:44.068+0000] {processor.py:830} INFO - Processing file /opt/airflow/dags/transformation.py for tasks to queue
[2026-02-04T06:51:44.071+0000] {logging_mixin.py:188} INFO - [2026-02-04T06:51:44.071+0000] {dagbag.py:545} INFO - Filling up the DagBag from /opt/airflow/dags/transformation.py
[2026-02-04T06:51:44.100+0000] {processor.py:840} INFO - DAG(s) 'banking_end_to_end_pipeline' retrieved from /opt/airflow/dags/transformation.py
[2026-02-04T06:51:44.140+0000] {logging_mixin.py:188} INFO - [2026-02-04T06:51:44.140+0000] {dag.py:3089} INFO - Sync 1 DAGs
[2026-02-04T06:51:44.155+0000] {logging_mixin.py:188} INFO - [2026-02-04T06:51:44.155+0000] {dag.py:3947} INFO - Setting next_dagrun for banking_end_to_end_pipeline to 2026-02-04 05:00:00+00:00, run_after=2026-02-04 06:00:00+00:00
[2026-02-04T06:51:44.163+0000] {processor.py:183} INFO - Processing /opt/airflow/dags/transformation.py took 0.111 seconds
[2026-02-04T06:52:14.550+0000] {processor.py:161} INFO - Started process (PID=66) to work on /opt/airflow/dags/transformation.py
[2026-02-04T06:52:14.552+0000] {processor.py:830} INFO - Processing file /opt/airflow/dags/transformation.py for tasks to queue
[2026-02-04T06:52:14.557+0000] {logging_mixin.py:188} INFO - [2026-02-04T06:52:14.556+0000] {dagbag.py:545} INFO - Filling up the DagBag from /opt/airflow/dags/transformation.py
[2026-02-04T06:52:14.576+0000] {processor.py:840} INFO - DAG(s) 'banking_end_to_end_pipeline' retrieved from /opt/airflow/dags/transformation.py
[2026-02-04T06:52:14.616+0000] {logging_mixin.py:188} INFO - [2026-02-04T06:52:14.616+0000] {dag.py:3089} INFO - Sync 1 DAGs
[2026-02-04T06:52:14.633+0000] {logging_mixin.py:188} INFO - [2026-02-04T06:52:14.633+0000] {dag.py:3947} INFO - Setting next_dagrun for banking_end_to_end_pipeline to 2026-02-04 05:00:00+00:00, run_after=2026-02-04 06:00:00+00:00
[2026-02-04T06:52:14.641+0000] {processor.py:183} INFO - Processing /opt/airflow/dags/transformation.py took 0.103 seconds
[2026-02-04T06:52:44.984+0000] {processor.py:161} INFO - Started process (PID=68) to work on /opt/airflow/dags/transformation.py
[2026-02-04T06:52:44.985+0000] {processor.py:830} INFO - Processing file /opt/airflow/dags/transformation.py for tasks to queue
[2026-02-04T06:52:44.990+0000] {logging_mixin.py:188} INFO - [2026-02-04T06:52:44.989+0000] {dagbag.py:545} INFO - Filling up the DagBag from /opt/airflow/dags/transformation.py
[2026-02-04T06:52:45.019+0000] {processor.py:840} INFO - DAG(s) 'banking_end_to_end_pipeline' retrieved from /opt/airflow/dags/transformation.py
[2026-02-04T06:52:45.060+0000] {logging_mixin.py:188} INFO - [2026-02-04T06:52:45.059+0000] {dag.py:3089} INFO - Sync 1 DAGs
[2026-02-04T06:52:45.075+0000] {logging_mixin.py:188} INFO - [2026-02-04T06:52:45.074+0000] {dag.py:3947} INFO - Setting next_dagrun for banking_end_to_end_pipeline to 2026-02-04 05:00:00+00:00, run_after=2026-02-04 06:00:00+00:00
[2026-02-04T06:52:45.083+0000] {processor.py:183} INFO - Processing /opt/airflow/dags/transformation.py took 0.114 seconds
[2026-02-04T06:53:15.467+0000] {processor.py:161} INFO - Started process (PID=70) to work on /opt/airflow/dags/transformation.py
[2026-02-04T06:53:15.469+0000] {processor.py:830} INFO - Processing file /opt/airflow/dags/transformation.py for tasks to queue
[2026-02-04T06:53:15.475+0000] {logging_mixin.py:188} INFO - [2026-02-04T06:53:15.475+0000] {dagbag.py:545} INFO - Filling up the DagBag from /opt/airflow/dags/transformation.py
[2026-02-04T06:53:15.501+0000] {processor.py:840} INFO - DAG(s) 'banking_end_to_end_pipeline' retrieved from /opt/airflow/dags/transformation.py
[2026-02-04T06:53:15.550+0000] {logging_mixin.py:188} INFO - [2026-02-04T06:53:15.549+0000] {dag.py:3089} INFO - Sync 1 DAGs
[2026-02-04T06:53:15.565+0000] {logging_mixin.py:188} INFO - [2026-02-04T06:53:15.565+0000] {dag.py:3947} INFO - Setting next_dagrun for banking_end_to_end_pipeline to 2026-02-04 05:00:00+00:00, run_after=2026-02-04 06:00:00+00:00
[2026-02-04T06:53:15.577+0000] {processor.py:183} INFO - Processing /opt/airflow/dags/transformation.py took 0.122 seconds
[2026-02-04T06:53:45.900+0000] {processor.py:161} INFO - Started process (PID=72) to work on /opt/airflow/dags/transformation.py
[2026-02-04T06:53:45.901+0000] {processor.py:830} INFO - Processing file /opt/airflow/dags/transformation.py for tasks to queue
[2026-02-04T06:53:45.906+0000] {logging_mixin.py:188} INFO - [2026-02-04T06:53:45.906+0000] {dagbag.py:545} INFO - Filling up the DagBag from /opt/airflow/dags/transformation.py
[2026-02-04T06:53:45.934+0000] {processor.py:840} INFO - DAG(s) 'banking_end_to_end_pipeline' retrieved from /opt/airflow/dags/transformation.py
[2026-02-04T06:53:45.978+0000] {logging_mixin.py:188} INFO - [2026-02-04T06:53:45.978+0000] {dag.py:3089} INFO - Sync 1 DAGs
[2026-02-04T06:53:45.992+0000] {logging_mixin.py:188} INFO - [2026-02-04T06:53:45.991+0000] {dag.py:3947} INFO - Setting next_dagrun for banking_end_to_end_pipeline to 2026-02-04 05:00:00+00:00, run_after=2026-02-04 06:00:00+00:00
[2026-02-04T06:53:46.000+0000] {processor.py:183} INFO - Processing /opt/airflow/dags/transformation.py took 0.111 seconds
[2026-02-04T06:54:16.376+0000] {processor.py:161} INFO - Started process (PID=74) to work on /opt/airflow/dags/transformation.py
[2026-02-04T06:54:16.377+0000] {processor.py:830} INFO - Processing file /opt/airflow/dags/transformation.py for tasks to queue
[2026-02-04T06:54:16.380+0000] {logging_mixin.py:188} INFO - [2026-02-04T06:54:16.379+0000] {dagbag.py:545} INFO - Filling up the DagBag from /opt/airflow/dags/transformation.py
[2026-02-04T06:54:16.403+0000] {processor.py:840} INFO - DAG(s) 'banking_end_to_end_pipeline' retrieved from /opt/airflow/dags/transformation.py
[2026-02-04T06:54:16.445+0000] {logging_mixin.py:188} INFO - [2026-02-04T06:54:16.445+0000] {dag.py:3089} INFO - Sync 1 DAGs
[2026-02-04T06:54:16.472+0000] {logging_mixin.py:188} INFO - [2026-02-04T06:54:16.472+0000] {dag.py:3947} INFO - Setting next_dagrun for banking_end_to_end_pipeline to 2026-02-04 05:00:00+00:00, run_after=2026-02-04 06:00:00+00:00
[2026-02-04T06:54:16.480+0000] {processor.py:183} INFO - Processing /opt/airflow/dags/transformation.py took 0.118 seconds
[2026-02-04T06:54:46.858+0000] {processor.py:161} INFO - Started process (PID=76) to work on /opt/airflow/dags/transformation.py
[2026-02-04T06:54:46.860+0000] {processor.py:830} INFO - Processing file /opt/airflow/dags/transformation.py for tasks to queue
[2026-02-04T06:54:46.864+0000] {logging_mixin.py:188} INFO - [2026-02-04T06:54:46.864+0000] {dagbag.py:545} INFO - Filling up the DagBag from /opt/airflow/dags/transformation.py
[2026-02-04T06:54:46.898+0000] {processor.py:840} INFO - DAG(s) 'banking_end_to_end_pipeline' retrieved from /opt/airflow/dags/transformation.py
[2026-02-04T06:54:46.937+0000] {logging_mixin.py:188} INFO - [2026-02-04T06:54:46.937+0000] {dag.py:3089} INFO - Sync 1 DAGs
[2026-02-04T06:54:46.954+0000] {logging_mixin.py:188} INFO - [2026-02-04T06:54:46.954+0000] {dag.py:3947} INFO - Setting next_dagrun for banking_end_to_end_pipeline to 2026-02-04 05:00:00+00:00, run_after=2026-02-04 06:00:00+00:00
[2026-02-04T06:54:46.962+0000] {processor.py:183} INFO - Processing /opt/airflow/dags/transformation.py took 0.116 seconds
[2026-02-04T06:55:17.376+0000] {processor.py:161} INFO - Started process (PID=78) to work on /opt/airflow/dags/transformation.py
[2026-02-04T06:55:17.378+0000] {processor.py:830} INFO - Processing file /opt/airflow/dags/transformation.py for tasks to queue
[2026-02-04T06:55:17.380+0000] {logging_mixin.py:188} INFO - [2026-02-04T06:55:17.380+0000] {dagbag.py:545} INFO - Filling up the DagBag from /opt/airflow/dags/transformation.py
[2026-02-04T06:55:17.430+0000] {processor.py:840} INFO - DAG(s) 'banking_end_to_end_pipeline' retrieved from /opt/airflow/dags/transformation.py
[2026-02-04T06:55:17.480+0000] {logging_mixin.py:188} INFO - [2026-02-04T06:55:17.479+0000] {dag.py:3089} INFO - Sync 1 DAGs
[2026-02-04T06:55:17.497+0000] {logging_mixin.py:188} INFO - [2026-02-04T06:55:17.497+0000] {dag.py:3947} INFO - Setting next_dagrun for banking_end_to_end_pipeline to 2026-02-04 05:00:00+00:00, run_after=2026-02-04 06:00:00+00:00
[2026-02-04T06:55:17.506+0000] {processor.py:183} INFO - Processing /opt/airflow/dags/transformation.py took 0.137 seconds
[2026-02-04T06:55:47.842+0000] {processor.py:161} INFO - Started process (PID=80) to work on /opt/airflow/dags/transformation.py
[2026-02-04T06:55:47.844+0000] {processor.py:830} INFO - Processing file /opt/airflow/dags/transformation.py for tasks to queue
[2026-02-04T06:55:47.847+0000] {logging_mixin.py:188} INFO - [2026-02-04T06:55:47.847+0000] {dagbag.py:545} INFO - Filling up the DagBag from /opt/airflow/dags/transformation.py
[2026-02-04T06:55:47.872+0000] {processor.py:840} INFO - DAG(s) 'banking_end_to_end_pipeline' retrieved from /opt/airflow/dags/transformation.py
[2026-02-04T06:55:47.920+0000] {logging_mixin.py:188} INFO - [2026-02-04T06:55:47.920+0000] {dag.py:3089} INFO - Sync 1 DAGs
[2026-02-04T06:55:47.934+0000] {logging_mixin.py:188} INFO - [2026-02-04T06:55:47.934+0000] {dag.py:3947} INFO - Setting next_dagrun for banking_end_to_end_pipeline to 2026-02-04 05:00:00+00:00, run_after=2026-02-04 06:00:00+00:00
[2026-02-04T06:55:47.943+0000] {processor.py:183} INFO - Processing /opt/airflow/dags/transformation.py took 0.121 seconds
[2026-02-04T06:56:18.307+0000] {processor.py:161} INFO - Started process (PID=82) to work on /opt/airflow/dags/transformation.py
[2026-02-04T06:56:18.308+0000] {processor.py:830} INFO - Processing file /opt/airflow/dags/transformation.py for tasks to queue
[2026-02-04T06:56:18.309+0000] {logging_mixin.py:188} INFO - [2026-02-04T06:56:18.309+0000] {dagbag.py:545} INFO - Filling up the DagBag from /opt/airflow/dags/transformation.py
[2026-02-04T06:56:18.329+0000] {processor.py:840} INFO - DAG(s) 'banking_end_to_end_pipeline' retrieved from /opt/airflow/dags/transformation.py
[2026-02-04T06:56:18.360+0000] {logging_mixin.py:188} INFO - [2026-02-04T06:56:18.360+0000] {dag.py:3089} INFO - Sync 1 DAGs
[2026-02-04T06:56:18.372+0000] {logging_mixin.py:188} INFO - [2026-02-04T06:56:18.372+0000] {dag.py:3947} INFO - Setting next_dagrun for banking_end_to_end_pipeline to 2026-02-04 05:00:00+00:00, run_after=2026-02-04 06:00:00+00:00
[2026-02-04T06:56:18.380+0000] {processor.py:183} INFO - Processing /opt/airflow/dags/transformation.py took 0.098 seconds
[2026-02-04T06:56:48.725+0000] {processor.py:161} INFO - Started process (PID=84) to work on /opt/airflow/dags/transformation.py
[2026-02-04T06:56:48.726+0000] {processor.py:830} INFO - Processing file /opt/airflow/dags/transformation.py for tasks to queue
[2026-02-04T06:56:48.730+0000] {logging_mixin.py:188} INFO - [2026-02-04T06:56:48.730+0000] {dagbag.py:545} INFO - Filling up the DagBag from /opt/airflow/dags/transformation.py
[2026-02-04T06:56:48.757+0000] {processor.py:840} INFO - DAG(s) 'banking_end_to_end_pipeline' retrieved from /opt/airflow/dags/transformation.py
[2026-02-04T06:56:48.793+0000] {logging_mixin.py:188} INFO - [2026-02-04T06:56:48.792+0000] {dag.py:3089} INFO - Sync 1 DAGs
[2026-02-04T06:56:48.806+0000] {logging_mixin.py:188} INFO - [2026-02-04T06:56:48.806+0000] {dag.py:3947} INFO - Setting next_dagrun for banking_end_to_end_pipeline to 2026-02-04 05:00:00+00:00, run_after=2026-02-04 06:00:00+00:00
[2026-02-04T06:56:48.814+0000] {processor.py:183} INFO - Processing /opt/airflow/dags/transformation.py took 0.102 seconds
[2026-02-04T06:57:19.114+0000] {processor.py:161} INFO - Started process (PID=86) to work on /opt/airflow/dags/transformation.py
[2026-02-04T06:57:19.116+0000] {processor.py:830} INFO - Processing file /opt/airflow/dags/transformation.py for tasks to queue
[2026-02-04T06:57:19.118+0000] {logging_mixin.py:188} INFO - [2026-02-04T06:57:19.118+0000] {dagbag.py:545} INFO - Filling up the DagBag from /opt/airflow/dags/transformation.py
[2026-02-04T06:57:19.136+0000] {processor.py:840} INFO - DAG(s) 'banking_end_to_end_pipeline' retrieved from /opt/airflow/dags/transformation.py
[2026-02-04T06:57:19.157+0000] {logging_mixin.py:188} INFO - [2026-02-04T06:57:19.157+0000] {dag.py:3089} INFO - Sync 1 DAGs
[2026-02-04T06:57:19.168+0000] {logging_mixin.py:188} INFO - [2026-02-04T06:57:19.168+0000] {dag.py:3947} INFO - Setting next_dagrun for banking_end_to_end_pipeline to 2026-02-04 05:00:00+00:00, run_after=2026-02-04 06:00:00+00:00
[2026-02-04T06:57:19.175+0000] {processor.py:183} INFO - Processing /opt/airflow/dags/transformation.py took 0.068 seconds
[2026-02-04T06:57:49.545+0000] {processor.py:161} INFO - Started process (PID=88) to work on /opt/airflow/dags/transformation.py
[2026-02-04T06:57:49.546+0000] {processor.py:830} INFO - Processing file /opt/airflow/dags/transformation.py for tasks to queue
[2026-02-04T06:57:49.550+0000] {logging_mixin.py:188} INFO - [2026-02-04T06:57:49.550+0000] {dagbag.py:545} INFO - Filling up the DagBag from /opt/airflow/dags/transformation.py
[2026-02-04T06:57:49.576+0000] {processor.py:840} INFO - DAG(s) 'banking_end_to_end_pipeline' retrieved from /opt/airflow/dags/transformation.py
[2026-02-04T06:57:49.614+0000] {logging_mixin.py:188} INFO - [2026-02-04T06:57:49.614+0000] {dag.py:3089} INFO - Sync 1 DAGs
[2026-02-04T06:57:49.631+0000] {logging_mixin.py:188} INFO - [2026-02-04T06:57:49.631+0000] {dag.py:3947} INFO - Setting next_dagrun for banking_end_to_end_pipeline to 2026-02-04 05:00:00+00:00, run_after=2026-02-04 06:00:00+00:00
[2026-02-04T06:57:49.639+0000] {processor.py:183} INFO - Processing /opt/airflow/dags/transformation.py took 0.102 seconds
[2026-02-04T06:58:19.989+0000] {processor.py:161} INFO - Started process (PID=90) to work on /opt/airflow/dags/transformation.py
[2026-02-04T06:58:19.990+0000] {processor.py:830} INFO - Processing file /opt/airflow/dags/transformation.py for tasks to queue
[2026-02-04T06:58:19.994+0000] {logging_mixin.py:188} INFO - [2026-02-04T06:58:19.994+0000] {dagbag.py:545} INFO - Filling up the DagBag from /opt/airflow/dags/transformation.py
[2026-02-04T06:58:20.019+0000] {processor.py:840} INFO - DAG(s) 'banking_end_to_end_pipeline' retrieved from /opt/airflow/dags/transformation.py
[2026-02-04T06:58:20.052+0000] {logging_mixin.py:188} INFO - [2026-02-04T06:58:20.052+0000] {dag.py:3089} INFO - Sync 1 DAGs
[2026-02-04T06:58:20.067+0000] {logging_mixin.py:188} INFO - [2026-02-04T06:58:20.067+0000] {dag.py:3947} INFO - Setting next_dagrun for banking_end_to_end_pipeline to 2026-02-04 05:00:00+00:00, run_after=2026-02-04 06:00:00+00:00
[2026-02-04T06:58:20.075+0000] {processor.py:183} INFO - Processing /opt/airflow/dags/transformation.py took 0.095 seconds
[2026-02-04T06:58:50.445+0000] {processor.py:161} INFO - Started process (PID=92) to work on /opt/airflow/dags/transformation.py
[2026-02-04T06:58:50.447+0000] {processor.py:830} INFO - Processing file /opt/airflow/dags/transformation.py for tasks to queue
[2026-02-04T06:58:50.454+0000] {logging_mixin.py:188} INFO - [2026-02-04T06:58:50.451+0000] {dagbag.py:545} INFO - Filling up the DagBag from /opt/airflow/dags/transformation.py
[2026-02-04T06:58:50.480+0000] {processor.py:840} INFO - DAG(s) 'banking_end_to_end_pipeline' retrieved from /opt/airflow/dags/transformation.py
[2026-02-04T06:58:50.525+0000] {logging_mixin.py:188} INFO - [2026-02-04T06:58:50.524+0000] {dag.py:3089} INFO - Sync 1 DAGs
[2026-02-04T06:58:50.537+0000] {logging_mixin.py:188} INFO - [2026-02-04T06:58:50.537+0000] {dag.py:3947} INFO - Setting next_dagrun for banking_end_to_end_pipeline to 2026-02-04 05:00:00+00:00, run_after=2026-02-04 06:00:00+00:00
[2026-02-04T06:58:50.546+0000] {processor.py:183} INFO - Processing /opt/airflow/dags/transformation.py took 0.114 seconds
[2026-02-04T06:59:20.946+0000] {processor.py:161} INFO - Started process (PID=94) to work on /opt/airflow/dags/transformation.py
[2026-02-04T06:59:20.948+0000] {processor.py:830} INFO - Processing file /opt/airflow/dags/transformation.py for tasks to queue
[2026-02-04T06:59:20.953+0000] {logging_mixin.py:188} INFO - [2026-02-04T06:59:20.952+0000] {dagbag.py:545} INFO - Filling up the DagBag from /opt/airflow/dags/transformation.py
[2026-02-04T06:59:20.973+0000] {processor.py:840} INFO - DAG(s) 'banking_end_to_end_pipeline' retrieved from /opt/airflow/dags/transformation.py
[2026-02-04T06:59:21.010+0000] {logging_mixin.py:188} INFO - [2026-02-04T06:59:21.010+0000] {dag.py:3089} INFO - Sync 1 DAGs
[2026-02-04T06:59:21.023+0000] {logging_mixin.py:188} INFO - [2026-02-04T06:59:21.023+0000] {dag.py:3947} INFO - Setting next_dagrun for banking_end_to_end_pipeline to 2026-02-04 05:00:00+00:00, run_after=2026-02-04 06:00:00+00:00
[2026-02-04T06:59:21.032+0000] {processor.py:183} INFO - Processing /opt/airflow/dags/transformation.py took 0.098 seconds
[2026-02-04T06:59:51.429+0000] {processor.py:161} INFO - Started process (PID=96) to work on /opt/airflow/dags/transformation.py
[2026-02-04T06:59:51.430+0000] {processor.py:830} INFO - Processing file /opt/airflow/dags/transformation.py for tasks to queue
[2026-02-04T06:59:51.434+0000] {logging_mixin.py:188} INFO - [2026-02-04T06:59:51.433+0000] {dagbag.py:545} INFO - Filling up the DagBag from /opt/airflow/dags/transformation.py
[2026-02-04T06:59:51.456+0000] {processor.py:840} INFO - DAG(s) 'banking_end_to_end_pipeline' retrieved from /opt/airflow/dags/transformation.py
[2026-02-04T06:59:51.489+0000] {logging_mixin.py:188} INFO - [2026-02-04T06:59:51.489+0000] {dag.py:3089} INFO - Sync 1 DAGs
[2026-02-04T06:59:51.502+0000] {logging_mixin.py:188} INFO - [2026-02-04T06:59:51.502+0000] {dag.py:3947} INFO - Setting next_dagrun for banking_end_to_end_pipeline to 2026-02-04 05:00:00+00:00, run_after=2026-02-04 06:00:00+00:00
[2026-02-04T06:59:51.510+0000] {processor.py:183} INFO - Processing /opt/airflow/dags/transformation.py took 0.089 seconds
[2026-02-04T07:00:21.834+0000] {processor.py:161} INFO - Started process (PID=98) to work on /opt/airflow/dags/transformation.py
[2026-02-04T07:00:21.837+0000] {processor.py:830} INFO - Processing file /opt/airflow/dags/transformation.py for tasks to queue
[2026-02-04T07:00:21.839+0000] {logging_mixin.py:188} INFO - [2026-02-04T07:00:21.839+0000] {dagbag.py:545} INFO - Filling up the DagBag from /opt/airflow/dags/transformation.py
[2026-02-04T07:00:21.856+0000] {processor.py:840} INFO - DAG(s) 'banking_end_to_end_pipeline' retrieved from /opt/airflow/dags/transformation.py
[2026-02-04T07:00:21.877+0000] {logging_mixin.py:188} INFO - [2026-02-04T07:00:21.877+0000] {dag.py:3089} INFO - Sync 1 DAGs
[2026-02-04T07:00:21.888+0000] {logging_mixin.py:188} INFO - [2026-02-04T07:00:21.888+0000] {dag.py:3947} INFO - Setting next_dagrun for banking_end_to_end_pipeline to 2026-02-04 06:00:00+00:00, run_after=2026-02-04 07:00:00+00:00
[2026-02-04T07:00:21.895+0000] {processor.py:183} INFO - Processing /opt/airflow/dags/transformation.py took 0.067 seconds
[2026-02-04T07:00:52.216+0000] {processor.py:161} INFO - Started process (PID=100) to work on /opt/airflow/dags/transformation.py
[2026-02-04T07:00:52.217+0000] {processor.py:830} INFO - Processing file /opt/airflow/dags/transformation.py for tasks to queue
[2026-02-04T07:00:52.221+0000] {logging_mixin.py:188} INFO - [2026-02-04T07:00:52.220+0000] {dagbag.py:545} INFO - Filling up the DagBag from /opt/airflow/dags/transformation.py
[2026-02-04T07:00:52.237+0000] {processor.py:840} INFO - DAG(s) 'banking_end_to_end_pipeline' retrieved from /opt/airflow/dags/transformation.py
[2026-02-04T07:00:52.262+0000] {logging_mixin.py:188} INFO - [2026-02-04T07:00:52.262+0000] {dag.py:3089} INFO - Sync 1 DAGs
[2026-02-04T07:00:52.274+0000] {logging_mixin.py:188} INFO - [2026-02-04T07:00:52.274+0000] {dag.py:3947} INFO - Setting next_dagrun for banking_end_to_end_pipeline to 2026-02-04 06:00:00+00:00, run_after=2026-02-04 07:00:00+00:00
[2026-02-04T07:00:52.282+0000] {processor.py:183} INFO - Processing /opt/airflow/dags/transformation.py took 0.073 seconds
[2026-02-04T07:01:22.620+0000] {processor.py:161} INFO - Started process (PID=102) to work on /opt/airflow/dags/transformation.py
[2026-02-04T07:01:22.621+0000] {processor.py:830} INFO - Processing file /opt/airflow/dags/transformation.py for tasks to queue
[2026-02-04T07:01:22.623+0000] {logging_mixin.py:188} INFO - [2026-02-04T07:01:22.623+0000] {dagbag.py:545} INFO - Filling up the DagBag from /opt/airflow/dags/transformation.py
[2026-02-04T07:01:22.635+0000] {processor.py:840} INFO - DAG(s) 'banking_end_to_end_pipeline' retrieved from /opt/airflow/dags/transformation.py
[2026-02-04T07:01:22.659+0000] {logging_mixin.py:188} INFO - [2026-02-04T07:01:22.659+0000] {dag.py:3089} INFO - Sync 1 DAGs
[2026-02-04T07:01:22.669+0000] {logging_mixin.py:188} INFO - [2026-02-04T07:01:22.669+0000] {dag.py:3947} INFO - Setting next_dagrun for banking_end_to_end_pipeline to 2026-02-04 06:00:00+00:00, run_after=2026-02-04 07:00:00+00:00
[2026-02-04T07:01:22.676+0000] {processor.py:183} INFO - Processing /opt/airflow/dags/transformation.py took 0.061 seconds
[2026-02-04T07:01:53.003+0000] {processor.py:161} INFO - Started process (PID=104) to work on /opt/airflow/dags/transformation.py
[2026-02-04T07:01:53.005+0000] {processor.py:830} INFO - Processing file /opt/airflow/dags/transformation.py for tasks to queue
[2026-02-04T07:01:53.009+0000] {logging_mixin.py:188} INFO - [2026-02-04T07:01:53.009+0000] {dagbag.py:545} INFO - Filling up the DagBag from /opt/airflow/dags/transformation.py
[2026-02-04T07:01:53.019+0000] {processor.py:840} INFO - DAG(s) 'banking_end_to_end_pipeline' retrieved from /opt/airflow/dags/transformation.py
[2026-02-04T07:01:53.040+0000] {logging_mixin.py:188} INFO - [2026-02-04T07:01:53.040+0000] {dag.py:3089} INFO - Sync 1 DAGs
[2026-02-04T07:01:53.050+0000] {logging_mixin.py:188} INFO - [2026-02-04T07:01:53.050+0000] {dag.py:3947} INFO - Setting next_dagrun for banking_end_to_end_pipeline to 2026-02-04 06:00:00+00:00, run_after=2026-02-04 07:00:00+00:00
[2026-02-04T07:01:53.058+0000] {processor.py:183} INFO - Processing /opt/airflow/dags/transformation.py took 0.060 seconds
[2026-02-04T07:02:23.409+0000] {processor.py:161} INFO - Started process (PID=106) to work on /opt/airflow/dags/transformation.py
[2026-02-04T07:02:23.410+0000] {processor.py:830} INFO - Processing file /opt/airflow/dags/transformation.py for tasks to queue
[2026-02-04T07:02:23.412+0000] {logging_mixin.py:188} INFO - [2026-02-04T07:02:23.412+0000] {dagbag.py:545} INFO - Filling up the DagBag from /opt/airflow/dags/transformation.py
[2026-02-04T07:02:23.440+0000] {processor.py:840} INFO - DAG(s) 'banking_end_to_end_pipeline' retrieved from /opt/airflow/dags/transformation.py
[2026-02-04T07:02:23.470+0000] {logging_mixin.py:188} INFO - [2026-02-04T07:02:23.470+0000] {dag.py:3089} INFO - Sync 1 DAGs
[2026-02-04T07:02:23.484+0000] {logging_mixin.py:188} INFO - [2026-02-04T07:02:23.484+0000] {dag.py:3947} INFO - Setting next_dagrun for banking_end_to_end_pipeline to 2026-02-04 06:00:00+00:00, run_after=2026-02-04 07:00:00+00:00
[2026-02-04T07:02:23.492+0000] {processor.py:183} INFO - Processing /opt/airflow/dags/transformation.py took 0.091 seconds
[2026-02-04T07:02:53.797+0000] {processor.py:161} INFO - Started process (PID=108) to work on /opt/airflow/dags/transformation.py
[2026-02-04T07:02:53.799+0000] {processor.py:830} INFO - Processing file /opt/airflow/dags/transformation.py for tasks to queue
[2026-02-04T07:02:53.801+0000] {logging_mixin.py:188} INFO - [2026-02-04T07:02:53.800+0000] {dagbag.py:545} INFO - Filling up the DagBag from /opt/airflow/dags/transformation.py
[2026-02-04T07:02:53.814+0000] {processor.py:840} INFO - DAG(s) 'banking_end_to_end_pipeline' retrieved from /opt/airflow/dags/transformation.py
[2026-02-04T07:02:53.834+0000] {logging_mixin.py:188} INFO - [2026-02-04T07:02:53.834+0000] {dag.py:3089} INFO - Sync 1 DAGs
[2026-02-04T07:02:53.846+0000] {logging_mixin.py:188} INFO - [2026-02-04T07:02:53.846+0000] {dag.py:3947} INFO - Setting next_dagrun for banking_end_to_end_pipeline to 2026-02-04 06:00:00+00:00, run_after=2026-02-04 07:00:00+00:00
[2026-02-04T07:02:53.854+0000] {processor.py:183} INFO - Processing /opt/airflow/dags/transformation.py took 0.065 seconds
[2026-02-04T07:03:24.164+0000] {processor.py:161} INFO - Started process (PID=110) to work on /opt/airflow/dags/transformation.py
[2026-02-04T07:03:24.166+0000] {processor.py:830} INFO - Processing file /opt/airflow/dags/transformation.py for tasks to queue
[2026-02-04T07:03:24.170+0000] {logging_mixin.py:188} INFO - [2026-02-04T07:03:24.170+0000] {dagbag.py:545} INFO - Filling up the DagBag from /opt/airflow/dags/transformation.py
[2026-02-04T07:03:24.189+0000] {processor.py:840} INFO - DAG(s) 'banking_end_to_end_pipeline' retrieved from /opt/airflow/dags/transformation.py
[2026-02-04T07:03:24.209+0000] {logging_mixin.py:188} INFO - [2026-02-04T07:03:24.209+0000] {dag.py:3089} INFO - Sync 1 DAGs
[2026-02-04T07:03:24.219+0000] {logging_mixin.py:188} INFO - [2026-02-04T07:03:24.219+0000] {dag.py:3947} INFO - Setting next_dagrun for banking_end_to_end_pipeline to 2026-02-04 06:00:00+00:00, run_after=2026-02-04 07:00:00+00:00
[2026-02-04T07:03:24.226+0000] {processor.py:183} INFO - Processing /opt/airflow/dags/transformation.py took 0.074 seconds
[2026-02-04T07:03:54.573+0000] {processor.py:161} INFO - Started process (PID=112) to work on /opt/airflow/dags/transformation.py
[2026-02-04T07:03:54.574+0000] {processor.py:830} INFO - Processing file /opt/airflow/dags/transformation.py for tasks to queue
[2026-02-04T07:03:54.577+0000] {logging_mixin.py:188} INFO - [2026-02-04T07:03:54.577+0000] {dagbag.py:545} INFO - Filling up the DagBag from /opt/airflow/dags/transformation.py
[2026-02-04T07:03:54.596+0000] {processor.py:840} INFO - DAG(s) 'banking_end_to_end_pipeline' retrieved from /opt/airflow/dags/transformation.py
[2026-02-04T07:03:54.620+0000] {logging_mixin.py:188} INFO - [2026-02-04T07:03:54.620+0000] {dag.py:3089} INFO - Sync 1 DAGs
[2026-02-04T07:03:54.630+0000] {logging_mixin.py:188} INFO - [2026-02-04T07:03:54.630+0000] {dag.py:3947} INFO - Setting next_dagrun for banking_end_to_end_pipeline to 2026-02-04 06:00:00+00:00, run_after=2026-02-04 07:00:00+00:00
[2026-02-04T07:03:54.638+0000] {processor.py:183} INFO - Processing /opt/airflow/dags/transformation.py took 0.074 seconds
[2026-02-04T07:04:25.003+0000] {processor.py:161} INFO - Started process (PID=114) to work on /opt/airflow/dags/transformation.py
[2026-02-04T07:04:25.005+0000] {processor.py:830} INFO - Processing file /opt/airflow/dags/transformation.py for tasks to queue
[2026-02-04T07:04:25.007+0000] {logging_mixin.py:188} INFO - [2026-02-04T07:04:25.006+0000] {dagbag.py:545} INFO - Filling up the DagBag from /opt/airflow/dags/transformation.py
[2026-02-04T07:04:25.021+0000] {processor.py:840} INFO - DAG(s) 'banking_end_to_end_pipeline' retrieved from /opt/airflow/dags/transformation.py
[2026-02-04T07:04:25.050+0000] {logging_mixin.py:188} INFO - [2026-02-04T07:04:25.050+0000] {dag.py:3089} INFO - Sync 1 DAGs
[2026-02-04T07:04:25.062+0000] {logging_mixin.py:188} INFO - [2026-02-04T07:04:25.062+0000] {dag.py:3947} INFO - Setting next_dagrun for banking_end_to_end_pipeline to 2026-02-04 06:00:00+00:00, run_after=2026-02-04 07:00:00+00:00
[2026-02-04T07:04:25.071+0000] {processor.py:183} INFO - Processing /opt/airflow/dags/transformation.py took 0.076 seconds
[2026-02-04T07:04:55.376+0000] {processor.py:161} INFO - Started process (PID=116) to work on /opt/airflow/dags/transformation.py
[2026-02-04T07:04:55.381+0000] {processor.py:830} INFO - Processing file /opt/airflow/dags/transformation.py for tasks to queue
[2026-02-04T07:04:55.382+0000] {logging_mixin.py:188} INFO - [2026-02-04T07:04:55.382+0000] {dagbag.py:545} INFO - Filling up the DagBag from /opt/airflow/dags/transformation.py
[2026-02-04T07:04:55.394+0000] {processor.py:840} INFO - DAG(s) 'banking_end_to_end_pipeline' retrieved from /opt/airflow/dags/transformation.py
[2026-02-04T07:04:55.418+0000] {logging_mixin.py:188} INFO - [2026-02-04T07:04:55.418+0000] {dag.py:3089} INFO - Sync 1 DAGs
[2026-02-04T07:04:55.429+0000] {logging_mixin.py:188} INFO - [2026-02-04T07:04:55.429+0000] {dag.py:3947} INFO - Setting next_dagrun for banking_end_to_end_pipeline to 2026-02-04 06:00:00+00:00, run_after=2026-02-04 07:00:00+00:00
[2026-02-04T07:04:55.437+0000] {processor.py:183} INFO - Processing /opt/airflow/dags/transformation.py took 0.069 seconds
[2026-02-04T07:05:25.773+0000] {processor.py:161} INFO - Started process (PID=118) to work on /opt/airflow/dags/transformation.py
[2026-02-04T07:05:25.773+0000] {processor.py:830} INFO - Processing file /opt/airflow/dags/transformation.py for tasks to queue
[2026-02-04T07:05:25.777+0000] {logging_mixin.py:188} INFO - [2026-02-04T07:05:25.777+0000] {dagbag.py:545} INFO - Filling up the DagBag from /opt/airflow/dags/transformation.py
[2026-02-04T07:05:25.791+0000] {processor.py:840} INFO - DAG(s) 'banking_end_to_end_pipeline' retrieved from /opt/airflow/dags/transformation.py
[2026-02-04T07:05:25.814+0000] {logging_mixin.py:188} INFO - [2026-02-04T07:05:25.814+0000] {dag.py:3089} INFO - Sync 1 DAGs
[2026-02-04T07:05:25.826+0000] {logging_mixin.py:188} INFO - [2026-02-04T07:05:25.826+0000] {dag.py:3947} INFO - Setting next_dagrun for banking_end_to_end_pipeline to 2026-02-04 06:00:00+00:00, run_after=2026-02-04 07:00:00+00:00
[2026-02-04T07:05:25.833+0000] {processor.py:183} INFO - Processing /opt/airflow/dags/transformation.py took 0.068 seconds
[2026-02-04T07:05:56.179+0000] {processor.py:161} INFO - Started process (PID=120) to work on /opt/airflow/dags/transformation.py
[2026-02-04T07:05:56.180+0000] {processor.py:830} INFO - Processing file /opt/airflow/dags/transformation.py for tasks to queue
[2026-02-04T07:05:56.183+0000] {logging_mixin.py:188} INFO - [2026-02-04T07:05:56.182+0000] {dagbag.py:545} INFO - Filling up the DagBag from /opt/airflow/dags/transformation.py
[2026-02-04T07:05:56.203+0000] {processor.py:840} INFO - DAG(s) 'banking_end_to_end_pipeline' retrieved from /opt/airflow/dags/transformation.py
[2026-02-04T07:05:56.234+0000] {logging_mixin.py:188} INFO - [2026-02-04T07:05:56.234+0000] {dag.py:3089} INFO - Sync 1 DAGs
[2026-02-04T07:05:56.247+0000] {logging_mixin.py:188} INFO - [2026-02-04T07:05:56.246+0000] {dag.py:3947} INFO - Setting next_dagrun for banking_end_to_end_pipeline to 2026-02-04 06:00:00+00:00, run_after=2026-02-04 07:00:00+00:00
[2026-02-04T07:05:56.254+0000] {processor.py:183} INFO - Processing /opt/airflow/dags/transformation.py took 0.084 seconds
[2026-02-04T07:06:26.586+0000] {processor.py:161} INFO - Started process (PID=122) to work on /opt/airflow/dags/transformation.py
[2026-02-04T07:06:26.588+0000] {processor.py:830} INFO - Processing file /opt/airflow/dags/transformation.py for tasks to queue
[2026-02-04T07:06:26.590+0000] {logging_mixin.py:188} INFO - [2026-02-04T07:06:26.590+0000] {dagbag.py:545} INFO - Filling up the DagBag from /opt/airflow/dags/transformation.py
[2026-02-04T07:06:26.603+0000] {processor.py:840} INFO - DAG(s) 'banking_end_to_end_pipeline' retrieved from /opt/airflow/dags/transformation.py
[2026-02-04T07:06:26.627+0000] {logging_mixin.py:188} INFO - [2026-02-04T07:06:26.627+0000] {dag.py:3089} INFO - Sync 1 DAGs
[2026-02-04T07:06:26.638+0000] {logging_mixin.py:188} INFO - [2026-02-04T07:06:26.638+0000] {dag.py:3947} INFO - Setting next_dagrun for banking_end_to_end_pipeline to 2026-02-04 06:00:00+00:00, run_after=2026-02-04 07:00:00+00:00
[2026-02-04T07:06:26.646+0000] {processor.py:183} INFO - Processing /opt/airflow/dags/transformation.py took 0.066 seconds
[2026-02-04T07:06:56.948+0000] {processor.py:161} INFO - Started process (PID=124) to work on /opt/airflow/dags/transformation.py
[2026-02-04T07:06:56.950+0000] {processor.py:830} INFO - Processing file /opt/airflow/dags/transformation.py for tasks to queue
[2026-02-04T07:06:56.953+0000] {logging_mixin.py:188} INFO - [2026-02-04T07:06:56.953+0000] {dagbag.py:545} INFO - Filling up the DagBag from /opt/airflow/dags/transformation.py
[2026-02-04T07:06:56.973+0000] {processor.py:840} INFO - DAG(s) 'banking_end_to_end_pipeline' retrieved from /opt/airflow/dags/transformation.py
[2026-02-04T07:06:57.003+0000] {logging_mixin.py:188} INFO - [2026-02-04T07:06:57.003+0000] {dag.py:3089} INFO - Sync 1 DAGs
[2026-02-04T07:06:57.014+0000] {logging_mixin.py:188} INFO - [2026-02-04T07:06:57.014+0000] {dag.py:3947} INFO - Setting next_dagrun for banking_end_to_end_pipeline to 2026-02-04 06:00:00+00:00, run_after=2026-02-04 07:00:00+00:00
[2026-02-04T07:06:57.021+0000] {processor.py:183} INFO - Processing /opt/airflow/dags/transformation.py took 0.086 seconds
[2026-02-04T07:07:27.310+0000] {processor.py:161} INFO - Started process (PID=126) to work on /opt/airflow/dags/transformation.py
[2026-02-04T07:07:27.312+0000] {processor.py:830} INFO - Processing file /opt/airflow/dags/transformation.py for tasks to queue
[2026-02-04T07:07:27.316+0000] {logging_mixin.py:188} INFO - [2026-02-04T07:07:27.315+0000] {dagbag.py:545} INFO - Filling up the DagBag from /opt/airflow/dags/transformation.py
[2026-02-04T07:07:27.336+0000] {processor.py:840} INFO - DAG(s) 'banking_end_to_end_pipeline' retrieved from /opt/airflow/dags/transformation.py
[2026-02-04T07:07:27.360+0000] {logging_mixin.py:188} INFO - [2026-02-04T07:07:27.359+0000] {dag.py:3089} INFO - Sync 1 DAGs
[2026-02-04T07:07:27.373+0000] {logging_mixin.py:188} INFO - [2026-02-04T07:07:27.373+0000] {dag.py:3947} INFO - Setting next_dagrun for banking_end_to_end_pipeline to 2026-02-04 06:00:00+00:00, run_after=2026-02-04 07:00:00+00:00
[2026-02-04T07:07:27.382+0000] {processor.py:183} INFO - Processing /opt/airflow/dags/transformation.py took 0.082 seconds
[2026-02-04T07:07:57.728+0000] {processor.py:161} INFO - Started process (PID=128) to work on /opt/airflow/dags/transformation.py
[2026-02-04T07:07:57.729+0000] {processor.py:830} INFO - Processing file /opt/airflow/dags/transformation.py for tasks to queue
[2026-02-04T07:07:57.731+0000] {logging_mixin.py:188} INFO - [2026-02-04T07:07:57.731+0000] {dagbag.py:545} INFO - Filling up the DagBag from /opt/airflow/dags/transformation.py
[2026-02-04T07:07:57.746+0000] {processor.py:840} INFO - DAG(s) 'banking_end_to_end_pipeline' retrieved from /opt/airflow/dags/transformation.py
[2026-02-04T07:07:57.770+0000] {logging_mixin.py:188} INFO - [2026-02-04T07:07:57.769+0000] {dag.py:3089} INFO - Sync 1 DAGs
[2026-02-04T07:07:57.781+0000] {logging_mixin.py:188} INFO - [2026-02-04T07:07:57.780+0000] {dag.py:3947} INFO - Setting next_dagrun for banking_end_to_end_pipeline to 2026-02-04 06:00:00+00:00, run_after=2026-02-04 07:00:00+00:00
[2026-02-04T07:07:57.789+0000] {processor.py:183} INFO - Processing /opt/airflow/dags/transformation.py took 0.069 seconds
[2026-02-04T07:08:28.136+0000] {processor.py:161} INFO - Started process (PID=130) to work on /opt/airflow/dags/transformation.py
[2026-02-04T07:08:28.137+0000] {processor.py:830} INFO - Processing file /opt/airflow/dags/transformation.py for tasks to queue
[2026-02-04T07:08:28.138+0000] {logging_mixin.py:188} INFO - [2026-02-04T07:08:28.138+0000] {dagbag.py:545} INFO - Filling up the DagBag from /opt/airflow/dags/transformation.py
[2026-02-04T07:08:28.146+0000] {processor.py:840} INFO - DAG(s) 'banking_end_to_end_pipeline' retrieved from /opt/airflow/dags/transformation.py
[2026-02-04T07:08:28.170+0000] {logging_mixin.py:188} INFO - [2026-02-04T07:08:28.169+0000] {dag.py:3089} INFO - Sync 1 DAGs
[2026-02-04T07:08:28.180+0000] {logging_mixin.py:188} INFO - [2026-02-04T07:08:28.180+0000] {dag.py:3947} INFO - Setting next_dagrun for banking_end_to_end_pipeline to 2026-02-04 06:00:00+00:00, run_after=2026-02-04 07:00:00+00:00
[2026-02-04T07:08:28.187+0000] {processor.py:183} INFO - Processing /opt/airflow/dags/transformation.py took 0.056 seconds
[2026-02-04T07:08:58.505+0000] {processor.py:161} INFO - Started process (PID=132) to work on /opt/airflow/dags/transformation.py
[2026-02-04T07:08:58.506+0000] {processor.py:830} INFO - Processing file /opt/airflow/dags/transformation.py for tasks to queue
[2026-02-04T07:08:58.511+0000] {logging_mixin.py:188} INFO - [2026-02-04T07:08:58.510+0000] {dagbag.py:545} INFO - Filling up the DagBag from /opt/airflow/dags/transformation.py
[2026-02-04T07:08:58.540+0000] {processor.py:840} INFO - DAG(s) 'banking_end_to_end_pipeline' retrieved from /opt/airflow/dags/transformation.py
[2026-02-04T07:08:58.580+0000] {logging_mixin.py:188} INFO - [2026-02-04T07:08:58.580+0000] {dag.py:3089} INFO - Sync 1 DAGs
[2026-02-04T07:08:58.592+0000] {logging_mixin.py:188} INFO - [2026-02-04T07:08:58.592+0000] {dag.py:3947} INFO - Setting next_dagrun for banking_end_to_end_pipeline to 2026-02-04 06:00:00+00:00, run_after=2026-02-04 07:00:00+00:00
[2026-02-04T07:08:58.599+0000] {processor.py:183} INFO - Processing /opt/airflow/dags/transformation.py took 0.104 seconds
[2026-02-04T07:09:28.945+0000] {processor.py:161} INFO - Started process (PID=134) to work on /opt/airflow/dags/transformation.py
[2026-02-04T07:09:28.947+0000] {processor.py:830} INFO - Processing file /opt/airflow/dags/transformation.py for tasks to queue
[2026-02-04T07:09:28.949+0000] {logging_mixin.py:188} INFO - [2026-02-04T07:09:28.949+0000] {dagbag.py:545} INFO - Filling up the DagBag from /opt/airflow/dags/transformation.py
[2026-02-04T07:09:28.964+0000] {processor.py:840} INFO - DAG(s) 'banking_end_to_end_pipeline' retrieved from /opt/airflow/dags/transformation.py
[2026-02-04T07:09:28.986+0000] {logging_mixin.py:188} INFO - [2026-02-04T07:09:28.986+0000] {dag.py:3089} INFO - Sync 1 DAGs
[2026-02-04T07:09:28.996+0000] {logging_mixin.py:188} INFO - [2026-02-04T07:09:28.996+0000] {dag.py:3947} INFO - Setting next_dagrun for banking_end_to_end_pipeline to 2026-02-04 06:00:00+00:00, run_after=2026-02-04 07:00:00+00:00
[2026-02-04T07:09:29.003+0000] {processor.py:183} INFO - Processing /opt/airflow/dags/transformation.py took 0.065 seconds
[2026-02-04T07:09:59.389+0000] {processor.py:161} INFO - Started process (PID=136) to work on /opt/airflow/dags/transformation.py
[2026-02-04T07:09:59.391+0000] {processor.py:830} INFO - Processing file /opt/airflow/dags/transformation.py for tasks to queue
[2026-02-04T07:09:59.406+0000] {logging_mixin.py:188} INFO - [2026-02-04T07:09:59.405+0000] {dagbag.py:545} INFO - Filling up the DagBag from /opt/airflow/dags/transformation.py
[2026-02-04T07:09:59.433+0000] {processor.py:840} INFO - DAG(s) 'banking_end_to_end_pipeline' retrieved from /opt/airflow/dags/transformation.py
[2026-02-04T07:09:59.465+0000] {logging_mixin.py:188} INFO - [2026-02-04T07:09:59.464+0000] {dag.py:3089} INFO - Sync 1 DAGs
[2026-02-04T07:09:59.480+0000] {logging_mixin.py:188} INFO - [2026-02-04T07:09:59.480+0000] {dag.py:3947} INFO - Setting next_dagrun for banking_end_to_end_pipeline to 2026-02-04 06:00:00+00:00, run_after=2026-02-04 07:00:00+00:00
[2026-02-04T07:09:59.488+0000] {processor.py:183} INFO - Processing /opt/airflow/dags/transformation.py took 0.119 seconds
[2026-02-04T07:10:29.880+0000] {processor.py:161} INFO - Started process (PID=138) to work on /opt/airflow/dags/transformation.py
[2026-02-04T07:10:29.882+0000] {processor.py:830} INFO - Processing file /opt/airflow/dags/transformation.py for tasks to queue
[2026-02-04T07:10:29.889+0000] {logging_mixin.py:188} INFO - [2026-02-04T07:10:29.888+0000] {dagbag.py:545} INFO - Filling up the DagBag from /opt/airflow/dags/transformation.py
[2026-02-04T07:10:29.919+0000] {processor.py:840} INFO - DAG(s) 'banking_end_to_end_pipeline' retrieved from /opt/airflow/dags/transformation.py
[2026-02-04T07:10:29.957+0000] {logging_mixin.py:188} INFO - [2026-02-04T07:10:29.957+0000] {dag.py:3089} INFO - Sync 1 DAGs
[2026-02-04T07:10:29.974+0000] {logging_mixin.py:188} INFO - [2026-02-04T07:10:29.973+0000] {dag.py:3947} INFO - Setting next_dagrun for banking_end_to_end_pipeline to 2026-02-04 06:00:00+00:00, run_after=2026-02-04 07:00:00+00:00
[2026-02-04T07:10:29.982+0000] {processor.py:183} INFO - Processing /opt/airflow/dags/transformation.py took 0.119 seconds
[2026-02-04T07:11:00.314+0000] {processor.py:161} INFO - Started process (PID=140) to work on /opt/airflow/dags/transformation.py
[2026-02-04T07:11:00.315+0000] {processor.py:830} INFO - Processing file /opt/airflow/dags/transformation.py for tasks to queue
[2026-02-04T07:11:00.320+0000] {logging_mixin.py:188} INFO - [2026-02-04T07:11:00.319+0000] {dagbag.py:545} INFO - Filling up the DagBag from /opt/airflow/dags/transformation.py
[2026-02-04T07:11:00.358+0000] {processor.py:840} INFO - DAG(s) 'banking_end_to_end_pipeline' retrieved from /opt/airflow/dags/transformation.py
[2026-02-04T07:11:00.411+0000] {logging_mixin.py:188} INFO - [2026-02-04T07:11:00.411+0000] {dag.py:3089} INFO - Sync 1 DAGs
[2026-02-04T07:11:00.433+0000] {logging_mixin.py:188} INFO - [2026-02-04T07:11:00.433+0000] {dag.py:3947} INFO - Setting next_dagrun for banking_end_to_end_pipeline to 2026-02-04 06:00:00+00:00, run_after=2026-02-04 07:00:00+00:00
[2026-02-04T07:11:00.446+0000] {processor.py:183} INFO - Processing /opt/airflow/dags/transformation.py took 0.148 seconds
[2026-02-04T07:11:30.856+0000] {processor.py:161} INFO - Started process (PID=142) to work on /opt/airflow/dags/transformation.py
[2026-02-04T07:11:30.857+0000] {processor.py:830} INFO - Processing file /opt/airflow/dags/transformation.py for tasks to queue
[2026-02-04T07:11:30.863+0000] {logging_mixin.py:188} INFO - [2026-02-04T07:11:30.863+0000] {dagbag.py:545} INFO - Filling up the DagBag from /opt/airflow/dags/transformation.py
[2026-02-04T07:11:30.881+0000] {processor.py:840} INFO - DAG(s) 'banking_end_to_end_pipeline' retrieved from /opt/airflow/dags/transformation.py
[2026-02-04T07:11:30.913+0000] {logging_mixin.py:188} INFO - [2026-02-04T07:11:30.913+0000] {dag.py:3089} INFO - Sync 1 DAGs
[2026-02-04T07:11:30.929+0000] {logging_mixin.py:188} INFO - [2026-02-04T07:11:30.928+0000] {dag.py:3947} INFO - Setting next_dagrun for banking_end_to_end_pipeline to 2026-02-04 06:00:00+00:00, run_after=2026-02-04 07:00:00+00:00
[2026-02-04T07:11:30.937+0000] {processor.py:183} INFO - Processing /opt/airflow/dags/transformation.py took 0.094 seconds
[2026-02-04T07:12:01.247+0000] {processor.py:161} INFO - Started process (PID=144) to work on /opt/airflow/dags/transformation.py
[2026-02-04T07:12:01.248+0000] {processor.py:830} INFO - Processing file /opt/airflow/dags/transformation.py for tasks to queue
[2026-02-04T07:12:01.253+0000] {logging_mixin.py:188} INFO - [2026-02-04T07:12:01.253+0000] {dagbag.py:545} INFO - Filling up the DagBag from /opt/airflow/dags/transformation.py
[2026-02-04T07:12:01.288+0000] {processor.py:840} INFO - DAG(s) 'banking_end_to_end_pipeline' retrieved from /opt/airflow/dags/transformation.py
[2026-02-04T07:12:01.326+0000] {logging_mixin.py:188} INFO - [2026-02-04T07:12:01.326+0000] {dag.py:3089} INFO - Sync 1 DAGs
[2026-02-04T07:12:01.340+0000] {logging_mixin.py:188} INFO - [2026-02-04T07:12:01.339+0000] {dag.py:3947} INFO - Setting next_dagrun for banking_end_to_end_pipeline to 2026-02-04 06:00:00+00:00, run_after=2026-02-04 07:00:00+00:00
[2026-02-04T07:12:01.348+0000] {processor.py:183} INFO - Processing /opt/airflow/dags/transformation.py took 0.111 seconds
[2026-02-04T07:12:31.812+0000] {processor.py:161} INFO - Started process (PID=146) to work on /opt/airflow/dags/transformation.py
[2026-02-04T07:12:31.814+0000] {processor.py:830} INFO - Processing file /opt/airflow/dags/transformation.py for tasks to queue
[2026-02-04T07:12:31.818+0000] {logging_mixin.py:188} INFO - [2026-02-04T07:12:31.818+0000] {dagbag.py:545} INFO - Filling up the DagBag from /opt/airflow/dags/transformation.py
[2026-02-04T07:12:31.839+0000] {processor.py:840} INFO - DAG(s) 'banking_end_to_end_pipeline' retrieved from /opt/airflow/dags/transformation.py
[2026-02-04T07:12:31.870+0000] {logging_mixin.py:188} INFO - [2026-02-04T07:12:31.870+0000] {dag.py:3089} INFO - Sync 1 DAGs
[2026-02-04T07:12:31.883+0000] {logging_mixin.py:188} INFO - [2026-02-04T07:12:31.883+0000] {dag.py:3947} INFO - Setting next_dagrun for banking_end_to_end_pipeline to 2026-02-04 06:00:00+00:00, run_after=2026-02-04 07:00:00+00:00
[2026-02-04T07:12:31.892+0000] {processor.py:183} INFO - Processing /opt/airflow/dags/transformation.py took 0.109 seconds
[2026-02-04T07:13:02.220+0000] {processor.py:161} INFO - Started process (PID=148) to work on /opt/airflow/dags/transformation.py
[2026-02-04T07:13:02.223+0000] {processor.py:830} INFO - Processing file /opt/airflow/dags/transformation.py for tasks to queue
[2026-02-04T07:13:02.231+0000] {logging_mixin.py:188} INFO - [2026-02-04T07:13:02.230+0000] {dagbag.py:545} INFO - Filling up the DagBag from /opt/airflow/dags/transformation.py
[2026-02-04T07:13:02.248+0000] {processor.py:840} INFO - DAG(s) 'banking_end_to_end_pipeline' retrieved from /opt/airflow/dags/transformation.py
[2026-02-04T07:13:02.270+0000] {logging_mixin.py:188} INFO - [2026-02-04T07:13:02.270+0000] {dag.py:3089} INFO - Sync 1 DAGs
[2026-02-04T07:13:02.282+0000] {logging_mixin.py:188} INFO - [2026-02-04T07:13:02.282+0000] {dag.py:3947} INFO - Setting next_dagrun for banking_end_to_end_pipeline to 2026-02-04 06:00:00+00:00, run_after=2026-02-04 07:00:00+00:00
[2026-02-04T07:13:02.290+0000] {processor.py:183} INFO - Processing /opt/airflow/dags/transformation.py took 0.095 seconds
[2026-02-04T07:13:32.660+0000] {processor.py:161} INFO - Started process (PID=150) to work on /opt/airflow/dags/transformation.py
[2026-02-04T07:13:32.661+0000] {processor.py:830} INFO - Processing file /opt/airflow/dags/transformation.py for tasks to queue
[2026-02-04T07:13:32.665+0000] {logging_mixin.py:188} INFO - [2026-02-04T07:13:32.664+0000] {dagbag.py:545} INFO - Filling up the DagBag from /opt/airflow/dags/transformation.py
[2026-02-04T07:13:32.686+0000] {processor.py:840} INFO - DAG(s) 'banking_end_to_end_pipeline' retrieved from /opt/airflow/dags/transformation.py
[2026-02-04T07:13:32.717+0000] {logging_mixin.py:188} INFO - [2026-02-04T07:13:32.717+0000] {dag.py:3089} INFO - Sync 1 DAGs
[2026-02-04T07:13:32.731+0000] {logging_mixin.py:188} INFO - [2026-02-04T07:13:32.731+0000] {dag.py:3947} INFO - Setting next_dagrun for banking_end_to_end_pipeline to 2026-02-04 06:00:00+00:00, run_after=2026-02-04 07:00:00+00:00
[2026-02-04T07:13:32.739+0000] {processor.py:183} INFO - Processing /opt/airflow/dags/transformation.py took 0.093 seconds
[2026-02-04T07:14:03.059+0000] {processor.py:161} INFO - Started process (PID=152) to work on /opt/airflow/dags/transformation.py
[2026-02-04T07:14:03.060+0000] {processor.py:830} INFO - Processing file /opt/airflow/dags/transformation.py for tasks to queue
[2026-02-04T07:14:03.063+0000] {logging_mixin.py:188} INFO - [2026-02-04T07:14:03.062+0000] {dagbag.py:545} INFO - Filling up the DagBag from /opt/airflow/dags/transformation.py
[2026-02-04T07:14:03.075+0000] {processor.py:840} INFO - DAG(s) 'banking_end_to_end_pipeline' retrieved from /opt/airflow/dags/transformation.py
[2026-02-04T07:14:03.098+0000] {logging_mixin.py:188} INFO - [2026-02-04T07:14:03.098+0000] {dag.py:3089} INFO - Sync 1 DAGs
[2026-02-04T07:14:03.109+0000] {logging_mixin.py:188} INFO - [2026-02-04T07:14:03.109+0000] {dag.py:3947} INFO - Setting next_dagrun for banking_end_to_end_pipeline to 2026-02-04 06:00:00+00:00, run_after=2026-02-04 07:00:00+00:00
[2026-02-04T07:14:03.117+0000] {processor.py:183} INFO - Processing /opt/airflow/dags/transformation.py took 0.064 seconds
[2026-02-04T07:14:33.426+0000] {processor.py:161} INFO - Started process (PID=154) to work on /opt/airflow/dags/transformation.py
[2026-02-04T07:14:33.427+0000] {processor.py:830} INFO - Processing file /opt/airflow/dags/transformation.py for tasks to queue
[2026-02-04T07:14:33.431+0000] {logging_mixin.py:188} INFO - [2026-02-04T07:14:33.430+0000] {dagbag.py:545} INFO - Filling up the DagBag from /opt/airflow/dags/transformation.py
[2026-02-04T07:14:33.451+0000] {processor.py:840} INFO - DAG(s) 'banking_end_to_end_pipeline' retrieved from /opt/airflow/dags/transformation.py
[2026-02-04T07:14:33.474+0000] {logging_mixin.py:188} INFO - [2026-02-04T07:14:33.474+0000] {dag.py:3089} INFO - Sync 1 DAGs
[2026-02-04T07:14:33.485+0000] {logging_mixin.py:188} INFO - [2026-02-04T07:14:33.485+0000] {dag.py:3947} INFO - Setting next_dagrun for banking_end_to_end_pipeline to 2026-02-04 06:00:00+00:00, run_after=2026-02-04 07:00:00+00:00
[2026-02-04T07:14:33.493+0000] {processor.py:183} INFO - Processing /opt/airflow/dags/transformation.py took 0.076 seconds
[2026-02-04T07:15:03.890+0000] {processor.py:161} INFO - Started process (PID=156) to work on /opt/airflow/dags/transformation.py
[2026-02-04T07:15:03.891+0000] {processor.py:830} INFO - Processing file /opt/airflow/dags/transformation.py for tasks to queue
[2026-02-04T07:15:03.897+0000] {logging_mixin.py:188} INFO - [2026-02-04T07:15:03.896+0000] {dagbag.py:545} INFO - Filling up the DagBag from /opt/airflow/dags/transformation.py
[2026-02-04T07:15:03.929+0000] {processor.py:840} INFO - DAG(s) 'banking_end_to_end_pipeline' retrieved from /opt/airflow/dags/transformation.py
[2026-02-04T07:15:03.964+0000] {logging_mixin.py:188} INFO - [2026-02-04T07:15:03.964+0000] {dag.py:3089} INFO - Sync 1 DAGs
[2026-02-04T07:15:03.981+0000] {logging_mixin.py:188} INFO - [2026-02-04T07:15:03.981+0000] {dag.py:3947} INFO - Setting next_dagrun for banking_end_to_end_pipeline to 2026-02-04 06:00:00+00:00, run_after=2026-02-04 07:00:00+00:00
[2026-02-04T07:15:03.990+0000] {processor.py:183} INFO - Processing /opt/airflow/dags/transformation.py took 0.121 seconds
[2026-02-04T07:15:34.352+0000] {processor.py:161} INFO - Started process (PID=158) to work on /opt/airflow/dags/transformation.py
[2026-02-04T07:15:34.353+0000] {processor.py:830} INFO - Processing file /opt/airflow/dags/transformation.py for tasks to queue
[2026-02-04T07:15:34.356+0000] {logging_mixin.py:188} INFO - [2026-02-04T07:15:34.356+0000] {dagbag.py:545} INFO - Filling up the DagBag from /opt/airflow/dags/transformation.py
[2026-02-04T07:15:34.378+0000] {processor.py:840} INFO - DAG(s) 'banking_end_to_end_pipeline' retrieved from /opt/airflow/dags/transformation.py
[2026-02-04T07:15:34.408+0000] {logging_mixin.py:188} INFO - [2026-02-04T07:15:34.408+0000] {dag.py:3089} INFO - Sync 1 DAGs
[2026-02-04T07:15:34.421+0000] {logging_mixin.py:188} INFO - [2026-02-04T07:15:34.421+0000] {dag.py:3947} INFO - Setting next_dagrun for banking_end_to_end_pipeline to 2026-02-04 06:00:00+00:00, run_after=2026-02-04 07:00:00+00:00
[2026-02-04T07:15:34.429+0000] {processor.py:183} INFO - Processing /opt/airflow/dags/transformation.py took 0.089 seconds
[2026-02-04T07:16:04.782+0000] {processor.py:161} INFO - Started process (PID=160) to work on /opt/airflow/dags/transformation.py
[2026-02-04T07:16:04.784+0000] {processor.py:830} INFO - Processing file /opt/airflow/dags/transformation.py for tasks to queue
[2026-02-04T07:16:04.787+0000] {logging_mixin.py:188} INFO - [2026-02-04T07:16:04.787+0000] {dagbag.py:545} INFO - Filling up the DagBag from /opt/airflow/dags/transformation.py
[2026-02-04T07:16:04.809+0000] {processor.py:840} INFO - DAG(s) 'banking_end_to_end_pipeline' retrieved from /opt/airflow/dags/transformation.py
[2026-02-04T07:16:04.843+0000] {logging_mixin.py:188} INFO - [2026-02-04T07:16:04.842+0000] {dag.py:3089} INFO - Sync 1 DAGs
[2026-02-04T07:16:04.856+0000] {logging_mixin.py:188} INFO - [2026-02-04T07:16:04.855+0000] {dag.py:3947} INFO - Setting next_dagrun for banking_end_to_end_pipeline to 2026-02-04 06:00:00+00:00, run_after=2026-02-04 07:00:00+00:00
[2026-02-04T07:16:04.863+0000] {processor.py:183} INFO - Processing /opt/airflow/dags/transformation.py took 0.097 seconds
[2026-02-04T07:16:35.228+0000] {processor.py:161} INFO - Started process (PID=162) to work on /opt/airflow/dags/transformation.py
[2026-02-04T07:16:35.229+0000] {processor.py:830} INFO - Processing file /opt/airflow/dags/transformation.py for tasks to queue
[2026-02-04T07:16:35.232+0000] {logging_mixin.py:188} INFO - [2026-02-04T07:16:35.232+0000] {dagbag.py:545} INFO - Filling up the DagBag from /opt/airflow/dags/transformation.py
[2026-02-04T07:16:35.263+0000] {processor.py:840} INFO - DAG(s) 'banking_end_to_end_pipeline' retrieved from /opt/airflow/dags/transformation.py
[2026-02-04T07:16:35.299+0000] {logging_mixin.py:188} INFO - [2026-02-04T07:16:35.299+0000] {dag.py:3089} INFO - Sync 1 DAGs
[2026-02-04T07:16:35.314+0000] {logging_mixin.py:188} INFO - [2026-02-04T07:16:35.314+0000] {dag.py:3947} INFO - Setting next_dagrun for banking_end_to_end_pipeline to 2026-02-04 06:00:00+00:00, run_after=2026-02-04 07:00:00+00:00
[2026-02-04T07:16:35.323+0000] {processor.py:183} INFO - Processing /opt/airflow/dags/transformation.py took 0.107 seconds
[2026-02-04T07:17:05.617+0000] {processor.py:161} INFO - Started process (PID=164) to work on /opt/airflow/dags/transformation.py
[2026-02-04T07:17:05.618+0000] {processor.py:830} INFO - Processing file /opt/airflow/dags/transformation.py for tasks to queue
[2026-02-04T07:17:05.621+0000] {logging_mixin.py:188} INFO - [2026-02-04T07:17:05.621+0000] {dagbag.py:545} INFO - Filling up the DagBag from /opt/airflow/dags/transformation.py
[2026-02-04T07:17:05.644+0000] {processor.py:840} INFO - DAG(s) 'banking_end_to_end_pipeline' retrieved from /opt/airflow/dags/transformation.py
[2026-02-04T07:17:05.670+0000] {logging_mixin.py:188} INFO - [2026-02-04T07:17:05.670+0000] {dag.py:3089} INFO - Sync 1 DAGs
[2026-02-04T07:17:05.682+0000] {logging_mixin.py:188} INFO - [2026-02-04T07:17:05.682+0000] {dag.py:3947} INFO - Setting next_dagrun for banking_end_to_end_pipeline to 2026-02-04 06:00:00+00:00, run_after=2026-02-04 07:00:00+00:00
[2026-02-04T07:17:05.690+0000] {processor.py:183} INFO - Processing /opt/airflow/dags/transformation.py took 0.082 seconds
[2026-02-04T07:17:36.054+0000] {processor.py:161} INFO - Started process (PID=166) to work on /opt/airflow/dags/transformation.py
[2026-02-04T07:17:36.055+0000] {processor.py:830} INFO - Processing file /opt/airflow/dags/transformation.py for tasks to queue
[2026-02-04T07:17:36.058+0000] {logging_mixin.py:188} INFO - [2026-02-04T07:17:36.057+0000] {dagbag.py:545} INFO - Filling up the DagBag from /opt/airflow/dags/transformation.py
[2026-02-04T07:17:36.079+0000] {processor.py:840} INFO - DAG(s) 'banking_end_to_end_pipeline' retrieved from /opt/airflow/dags/transformation.py
[2026-02-04T07:17:36.107+0000] {logging_mixin.py:188} INFO - [2026-02-04T07:17:36.106+0000] {dag.py:3089} INFO - Sync 1 DAGs
[2026-02-04T07:17:36.121+0000] {logging_mixin.py:188} INFO - [2026-02-04T07:17:36.121+0000] {dag.py:3947} INFO - Setting next_dagrun for banking_end_to_end_pipeline to 2026-02-04 06:00:00+00:00, run_after=2026-02-04 07:00:00+00:00
[2026-02-04T07:17:36.130+0000] {processor.py:183} INFO - Processing /opt/airflow/dags/transformation.py took 0.085 seconds
[2026-02-04T07:18:06.494+0000] {processor.py:161} INFO - Started process (PID=168) to work on /opt/airflow/dags/transformation.py
[2026-02-04T07:18:06.495+0000] {processor.py:830} INFO - Processing file /opt/airflow/dags/transformation.py for tasks to queue
[2026-02-04T07:18:06.500+0000] {logging_mixin.py:188} INFO - [2026-02-04T07:18:06.500+0000] {dagbag.py:545} INFO - Filling up the DagBag from /opt/airflow/dags/transformation.py
[2026-02-04T07:18:06.525+0000] {processor.py:840} INFO - DAG(s) 'banking_end_to_end_pipeline' retrieved from /opt/airflow/dags/transformation.py
[2026-02-04T07:18:06.561+0000] {logging_mixin.py:188} INFO - [2026-02-04T07:18:06.561+0000] {dag.py:3089} INFO - Sync 1 DAGs
[2026-02-04T07:18:06.578+0000] {logging_mixin.py:188} INFO - [2026-02-04T07:18:06.578+0000] {dag.py:3947} INFO - Setting next_dagrun for banking_end_to_end_pipeline to 2026-02-04 06:00:00+00:00, run_after=2026-02-04 07:00:00+00:00
[2026-02-04T07:18:06.587+0000] {processor.py:183} INFO - Processing /opt/airflow/dags/transformation.py took 0.101 seconds
[2026-02-04T07:18:36.931+0000] {processor.py:161} INFO - Started process (PID=170) to work on /opt/airflow/dags/transformation.py
[2026-02-04T07:18:36.934+0000] {processor.py:830} INFO - Processing file /opt/airflow/dags/transformation.py for tasks to queue
[2026-02-04T07:18:36.936+0000] {logging_mixin.py:188} INFO - [2026-02-04T07:18:36.935+0000] {dagbag.py:545} INFO - Filling up the DagBag from /opt/airflow/dags/transformation.py
[2026-02-04T07:18:36.957+0000] {processor.py:840} INFO - DAG(s) 'banking_end_to_end_pipeline' retrieved from /opt/airflow/dags/transformation.py
[2026-02-04T07:18:36.978+0000] {logging_mixin.py:188} INFO - [2026-02-04T07:18:36.977+0000] {dag.py:3089} INFO - Sync 1 DAGs
[2026-02-04T07:18:36.988+0000] {logging_mixin.py:188} INFO - [2026-02-04T07:18:36.988+0000] {dag.py:3947} INFO - Setting next_dagrun for banking_end_to_end_pipeline to 2026-02-04 06:00:00+00:00, run_after=2026-02-04 07:00:00+00:00
[2026-02-04T07:18:36.996+0000] {processor.py:183} INFO - Processing /opt/airflow/dags/transformation.py took 0.071 seconds
[2026-02-04T07:19:07.338+0000] {processor.py:161} INFO - Started process (PID=172) to work on /opt/airflow/dags/transformation.py
[2026-02-04T07:19:07.339+0000] {processor.py:830} INFO - Processing file /opt/airflow/dags/transformation.py for tasks to queue
[2026-02-04T07:19:07.343+0000] {logging_mixin.py:188} INFO - [2026-02-04T07:19:07.342+0000] {dagbag.py:545} INFO - Filling up the DagBag from /opt/airflow/dags/transformation.py
[2026-02-04T07:19:07.369+0000] {processor.py:840} INFO - DAG(s) 'banking_end_to_end_pipeline' retrieved from /opt/airflow/dags/transformation.py
[2026-02-04T07:19:07.400+0000] {logging_mixin.py:188} INFO - [2026-02-04T07:19:07.400+0000] {dag.py:3089} INFO - Sync 1 DAGs
[2026-02-04T07:19:07.414+0000] {logging_mixin.py:188} INFO - [2026-02-04T07:19:07.414+0000] {dag.py:3947} INFO - Setting next_dagrun for banking_end_to_end_pipeline to 2026-02-04 06:00:00+00:00, run_after=2026-02-04 07:00:00+00:00
[2026-02-04T07:19:07.422+0000] {processor.py:183} INFO - Processing /opt/airflow/dags/transformation.py took 0.096 seconds
