[2026-02-07T09:59:03.039+0000] {local_task_job_runner.py:120} INFO - ::group::Pre task execution logs
[2026-02-07T09:59:03.058+0000] {taskinstance.py:2076} INFO - Dependencies all met for dep_context=non-requeueable deps ti=<TaskInstance: transfer_from_minio_to_snowflake.create_bronze scheduled__2026-02-07T09:58:00+00:00 [queued]>
[2026-02-07T09:59:03.061+0000] {taskinstance.py:2076} INFO - Dependencies all met for dep_context=requeueable deps ti=<TaskInstance: transfer_from_minio_to_snowflake.create_bronze scheduled__2026-02-07T09:58:00+00:00 [queued]>
[2026-02-07T09:59:03.062+0000] {taskinstance.py:2306} INFO - Starting attempt 1 of 3
[2026-02-07T09:59:03.067+0000] {taskinstance.py:2330} INFO - Executing <Task(SQLExecuteQueryOperator): create_bronze> on 2026-02-07 09:58:00+00:00
[2026-02-07T09:59:03.078+0000] {logging_mixin.py:188} WARNING - /home/***/.local/lib/python3.12/site-packages/***/task/task_runner/standard_task_runner.py:62 DeprecationWarning: This process (pid=806) is multi-threaded, use of fork() may lead to deadlocks in the child.
[2026-02-07T09:59:03.079+0000] {standard_task_runner.py:64} INFO - Started process 818 to run task
[2026-02-07T09:59:03.078+0000] {standard_task_runner.py:90} INFO - Running: ['***', 'tasks', 'run', 'transfer_from_minio_to_snowflake', 'create_bronze', 'scheduled__2026-02-07T09:58:00+00:00', '--job-id', '138', '--raw', '--subdir', 'DAGS_FOLDER/transfer.py', '--cfg-path', '/tmp/tmpa5vroh7l']
[2026-02-07T09:59:03.080+0000] {standard_task_runner.py:91} INFO - Job 138: Subtask create_bronze
[2026-02-07T09:59:03.124+0000] {task_command.py:426} INFO - Running <TaskInstance: transfer_from_minio_to_snowflake.create_bronze scheduled__2026-02-07T09:58:00+00:00 [running]> on host 83f212180a9d
[2026-02-07T09:59:03.323+0000] {taskinstance.py:2648} INFO - Exporting env vars: AIRFLOW_CTX_DAG_OWNER='***' AIRFLOW_CTX_DAG_ID='transfer_from_minio_to_snowflake' AIRFLOW_CTX_TASK_ID='create_bronze' AIRFLOW_CTX_EXECUTION_DATE='2026-02-07T09:58:00+00:00' AIRFLOW_CTX_TRY_NUMBER='1' AIRFLOW_CTX_DAG_RUN_ID='scheduled__2026-02-07T09:58:00+00:00'
[2026-02-07T09:59:03.324+0000] {taskinstance.py:430} INFO - ::endgroup::
[2026-02-07T09:59:03.324+0000] {sql.py:282} INFO - Executing:  CREATE TABLE IF NOT EXISTS BRONZE (
                    raw_json VARIANT,
                    inserted_at TIMESTAMP_NTZ DEFAULT CURRENT_TIMESTAMP());
                  
[2026-02-07T09:59:03.332+0000] {base.py:84} INFO - Using connection ID 'warehouse_id' for task execution.
[2026-02-07T09:59:03.376+0000] {base.py:84} INFO - Using connection ID 'warehouse_id' for task execution.
[2026-02-07T09:59:03.417+0000] {connection.py:611} INFO - Snowflake Connector for Python Version: 4.2.0, Python Version: 3.12.4, Platform: Linux-6.12.67-linuxkit-aarch64-with-glibc2.36
[2026-02-07T09:59:03.417+0000] {connection.py:1695} INFO - Connecting to GLOBAL Snowflake domain
[2026-02-07T09:59:05.973+0000] {sql.py:495} INFO - Running statement: CREATE TABLE IF NOT EXISTS BRONZE (
                    raw_json VARIANT,
                    inserted_at TIMESTAMP_NTZ DEFAULT CURRENT_TIMESTAMP());, parameters: None
[2026-02-07T09:59:06.073+0000] {sql.py:504} INFO - Rows affected: 1
[2026-02-07T09:59:06.074+0000] {snowflake.py:422} INFO - Rows affected: 1
[2026-02-07T09:59:06.074+0000] {snowflake.py:423} INFO - Snowflake query id: 01c24037-0001-8d6b-000c-39020001c3fe
[2026-02-07T09:59:06.439+0000] {taskinstance.py:441} INFO - ::group::Post task execution logs
[2026-02-07T09:59:06.479+0000] {taskinstance.py:1206} INFO - Marking task as SUCCESS. dag_id=transfer_from_minio_to_snowflake, task_id=create_bronze, run_id=scheduled__2026-02-07T09:58:00+00:00, execution_date=20260207T095800, start_date=20260207T095903, end_date=20260207T095906
[2026-02-07T09:59:06.526+0000] {local_task_job_runner.py:243} INFO - Task exited with return code 0
[2026-02-07T09:59:06.552+0000] {taskinstance.py:3503} INFO - 1 downstream tasks scheduled from follow-on schedule check
[2026-02-07T09:59:06.553+0000] {local_task_job_runner.py:222} INFO - ::endgroup::
