[2026-02-07T09:51:02.724+0000] {local_task_job_runner.py:120} INFO - ::group::Pre task execution logs
[2026-02-07T09:51:02.740+0000] {taskinstance.py:2076} INFO - Dependencies all met for dep_context=non-requeueable deps ti=<TaskInstance: transfer_from_minio_to_snowflake.create_bronze scheduled__2026-02-07T09:50:00+00:00 [queued]>
[2026-02-07T09:51:02.743+0000] {taskinstance.py:2076} INFO - Dependencies all met for dep_context=requeueable deps ti=<TaskInstance: transfer_from_minio_to_snowflake.create_bronze scheduled__2026-02-07T09:50:00+00:00 [queued]>
[2026-02-07T09:51:02.744+0000] {taskinstance.py:2306} INFO - Starting attempt 1 of 3
[2026-02-07T09:51:02.748+0000] {taskinstance.py:2330} INFO - Executing <Task(SQLExecuteQueryOperator): create_bronze> on 2026-02-07 09:50:00+00:00
[2026-02-07T09:51:02.753+0000] {logging_mixin.py:188} WARNING - /home/***/.local/lib/python3.12/site-packages/***/task/task_runner/standard_task_runner.py:62 DeprecationWarning: This process (pid=343) is multi-threaded, use of fork() may lead to deadlocks in the child.
[2026-02-07T09:51:02.754+0000] {standard_task_runner.py:64} INFO - Started process 355 to run task
[2026-02-07T09:51:02.753+0000] {standard_task_runner.py:90} INFO - Running: ['***', 'tasks', 'run', 'transfer_from_minio_to_snowflake', 'create_bronze', 'scheduled__2026-02-07T09:50:00+00:00', '--job-id', '114', '--raw', '--subdir', 'DAGS_FOLDER/transfer.py', '--cfg-path', '/tmp/tmpwqmj0x5z']
[2026-02-07T09:51:02.755+0000] {standard_task_runner.py:91} INFO - Job 114: Subtask create_bronze
[2026-02-07T09:51:02.801+0000] {task_command.py:426} INFO - Running <TaskInstance: transfer_from_minio_to_snowflake.create_bronze scheduled__2026-02-07T09:50:00+00:00 [running]> on host 83f212180a9d
[2026-02-07T09:51:03.009+0000] {taskinstance.py:2648} INFO - Exporting env vars: AIRFLOW_CTX_DAG_OWNER='***' AIRFLOW_CTX_DAG_ID='transfer_from_minio_to_snowflake' AIRFLOW_CTX_TASK_ID='create_bronze' AIRFLOW_CTX_EXECUTION_DATE='2026-02-07T09:50:00+00:00' AIRFLOW_CTX_TRY_NUMBER='1' AIRFLOW_CTX_DAG_RUN_ID='scheduled__2026-02-07T09:50:00+00:00'
[2026-02-07T09:51:03.010+0000] {taskinstance.py:430} INFO - ::endgroup::
[2026-02-07T09:51:03.010+0000] {sql.py:282} INFO - Executing:  CREATE TABLE IF NOT EXISTS BRONZE (
                    raw_json VARIANT,
                    inserted_at TIMESTAMP_NTZ DEFAULT CURRENT_TIMESTAMP());
                  
[2026-02-07T09:51:03.016+0000] {base.py:84} INFO - Using connection ID 'warehouse_id' for task execution.
[2026-02-07T09:51:03.050+0000] {base.py:84} INFO - Using connection ID 'warehouse_id' for task execution.
[2026-02-07T09:51:03.094+0000] {connection.py:611} INFO - Snowflake Connector for Python Version: 4.2.0, Python Version: 3.12.4, Platform: Linux-6.12.67-linuxkit-aarch64-with-glibc2.36
[2026-02-07T09:51:03.095+0000] {connection.py:1695} INFO - Connecting to GLOBAL Snowflake domain
[2026-02-07T09:51:05.620+0000] {sql.py:495} INFO - Running statement: CREATE TABLE IF NOT EXISTS BRONZE (
                    raw_json VARIANT,
                    inserted_at TIMESTAMP_NTZ DEFAULT CURRENT_TIMESTAMP());, parameters: None
[2026-02-07T09:51:05.702+0000] {sql.py:504} INFO - Rows affected: 1
[2026-02-07T09:51:05.703+0000] {snowflake.py:422} INFO - Rows affected: 1
[2026-02-07T09:51:05.704+0000] {snowflake.py:423} INFO - Snowflake query id: 01c2402f-0001-8d5e-000c-39020001d15e
[2026-02-07T09:51:05.855+0000] {taskinstance.py:441} INFO - ::group::Post task execution logs
[2026-02-07T09:51:05.902+0000] {taskinstance.py:1206} INFO - Marking task as SUCCESS. dag_id=transfer_from_minio_to_snowflake, task_id=create_bronze, run_id=scheduled__2026-02-07T09:50:00+00:00, execution_date=20260207T095000, start_date=20260207T095102, end_date=20260207T095105
[2026-02-07T09:51:05.923+0000] {local_task_job_runner.py:243} INFO - Task exited with return code 0
[2026-02-07T09:51:05.948+0000] {taskinstance.py:3503} INFO - 1 downstream tasks scheduled from follow-on schedule check
[2026-02-07T09:51:05.948+0000] {local_task_job_runner.py:222} INFO - ::endgroup::
