[2026-02-07T09:56:12.153+0000] {local_task_job_runner.py:120} INFO - ::group::Pre task execution logs
[2026-02-07T09:56:12.169+0000] {taskinstance.py:2076} INFO - Dependencies all met for dep_context=non-requeueable deps ti=<TaskInstance: transfer_from_minio_to_snowflake.copy scheduled__2026-02-07T09:55:00+00:00 [queued]>
[2026-02-07T09:56:12.173+0000] {taskinstance.py:2076} INFO - Dependencies all met for dep_context=requeueable deps ti=<TaskInstance: transfer_from_minio_to_snowflake.copy scheduled__2026-02-07T09:55:00+00:00 [queued]>
[2026-02-07T09:56:12.173+0000] {taskinstance.py:2306} INFO - Starting attempt 1 of 3
[2026-02-07T09:56:12.178+0000] {taskinstance.py:2330} INFO - Executing <Task(CopyFromExternalStageToSnowflakeOperator): copy> on 2026-02-07 09:55:00+00:00
[2026-02-07T09:56:12.183+0000] {logging_mixin.py:188} WARNING - /home/***/.local/lib/python3.12/site-packages/***/task/task_runner/standard_task_runner.py:62 DeprecationWarning: This process (pid=669) is multi-threaded, use of fork() may lead to deadlocks in the child.
[2026-02-07T09:56:12.184+0000] {standard_task_runner.py:64} INFO - Started process 681 to run task
[2026-02-07T09:56:12.183+0000] {standard_task_runner.py:90} INFO - Running: ['***', 'tasks', 'run', 'transfer_from_minio_to_snowflake', 'copy', 'scheduled__2026-02-07T09:55:00+00:00', '--job-id', '131', '--raw', '--subdir', 'DAGS_FOLDER/transfer.py', '--cfg-path', '/tmp/tmpoorjym75']
[2026-02-07T09:56:12.185+0000] {standard_task_runner.py:91} INFO - Job 131: Subtask copy
[2026-02-07T09:56:12.215+0000] {task_command.py:426} INFO - Running <TaskInstance: transfer_from_minio_to_snowflake.copy scheduled__2026-02-07T09:55:00+00:00 [running]> on host 83f212180a9d
[2026-02-07T09:56:12.435+0000] {taskinstance.py:2648} INFO - Exporting env vars: AIRFLOW_CTX_DAG_OWNER='***' AIRFLOW_CTX_DAG_ID='transfer_from_minio_to_snowflake' AIRFLOW_CTX_TASK_ID='copy' AIRFLOW_CTX_EXECUTION_DATE='2026-02-07T09:55:00+00:00' AIRFLOW_CTX_TRY_NUMBER='1' AIRFLOW_CTX_DAG_RUN_ID='scheduled__2026-02-07T09:55:00+00:00'
[2026-02-07T09:56:12.436+0000] {taskinstance.py:430} INFO - ::endgroup::
[2026-02-07T09:56:12.436+0000] {copy_into_snowflake.py:142} INFO - Executing COPY command...
[2026-02-07T09:56:12.442+0000] {base.py:84} INFO - Using connection ID 'warehouse_id' for task execution.
[2026-02-07T09:56:12.482+0000] {connection.py:611} INFO - Snowflake Connector for Python Version: 4.2.0, Python Version: 3.12.4, Platform: Linux-6.12.67-linuxkit-aarch64-with-glibc2.36
[2026-02-07T09:56:12.483+0000] {connection.py:1695} INFO - Connecting to GLOBAL Snowflake domain
[2026-02-07T09:56:12.990+0000] {sql.py:495} INFO - Running statement: COPY INTO BRONZE
             FROM  @incoming/
        
        
        FILE_FORMAT=(TYPE= 'JSON')
        ON_ERROR= 'continue', parameters: None
[2026-02-07T09:56:15.131+0000] {sql.py:504} INFO - Rows affected: 5
[2026-02-07T09:56:15.134+0000] {snowflake.py:422} INFO - Rows affected: 5
[2026-02-07T09:56:15.135+0000] {snowflake.py:423} INFO - Snowflake query id: 01c24034-0001-8da5-000c-39020001f126
[2026-02-07T09:56:15.230+0000] {copy_into_snowflake.py:149} INFO - COPY command completed
[2026-02-07T09:56:15.232+0000] {taskinstance.py:441} INFO - ::group::Post task execution logs
[2026-02-07T09:56:15.269+0000] {taskinstance.py:1206} INFO - Marking task as SUCCESS. dag_id=transfer_from_minio_to_snowflake, task_id=copy, run_id=scheduled__2026-02-07T09:55:00+00:00, execution_date=20260207T095500, start_date=20260207T095612, end_date=20260207T095615
[2026-02-07T09:56:15.345+0000] {local_task_job_runner.py:243} INFO - Task exited with return code 0
[2026-02-07T09:56:15.380+0000] {taskinstance.py:3503} INFO - 0 downstream tasks scheduled from follow-on schedule check
[2026-02-07T09:56:15.381+0000] {local_task_job_runner.py:222} INFO - ::endgroup::
