[2026-02-07T09:50:16.301+0000] {local_task_job_runner.py:120} INFO - ::group::Pre task execution logs
[2026-02-07T09:50:16.317+0000] {taskinstance.py:2076} INFO - Dependencies all met for dep_context=non-requeueable deps ti=<TaskInstance: transfer_from_minio_to_snowflake.copy scheduled__2026-02-07T09:48:00+00:00 [queued]>
[2026-02-07T09:50:16.321+0000] {taskinstance.py:2076} INFO - Dependencies all met for dep_context=requeueable deps ti=<TaskInstance: transfer_from_minio_to_snowflake.copy scheduled__2026-02-07T09:48:00+00:00 [queued]>
[2026-02-07T09:50:16.321+0000] {taskinstance.py:2306} INFO - Starting attempt 1 of 3
[2026-02-07T09:50:16.326+0000] {taskinstance.py:2330} INFO - Executing <Task(CopyFromExternalStageToSnowflakeOperator): copy> on 2026-02-07 09:48:00+00:00
[2026-02-07T09:50:16.331+0000] {logging_mixin.py:188} WARNING - /home/***/.local/lib/python3.12/site-packages/***/task/task_runner/standard_task_runner.py:62 DeprecationWarning: This process (pid=304) is multi-threaded, use of fork() may lead to deadlocks in the child.
[2026-02-07T09:50:16.332+0000] {standard_task_runner.py:64} INFO - Started process 316 to run task
[2026-02-07T09:50:16.331+0000] {standard_task_runner.py:90} INFO - Running: ['***', 'tasks', 'run', 'transfer_from_minio_to_snowflake', 'copy', 'scheduled__2026-02-07T09:48:00+00:00', '--job-id', '112', '--raw', '--subdir', 'DAGS_FOLDER/transfer.py', '--cfg-path', '/tmp/tmpg0sg4mmw']
[2026-02-07T09:50:16.333+0000] {standard_task_runner.py:91} INFO - Job 112: Subtask copy
[2026-02-07T09:50:16.363+0000] {task_command.py:426} INFO - Running <TaskInstance: transfer_from_minio_to_snowflake.copy scheduled__2026-02-07T09:48:00+00:00 [running]> on host 83f212180a9d
[2026-02-07T09:50:16.520+0000] {taskinstance.py:2648} INFO - Exporting env vars: AIRFLOW_CTX_DAG_OWNER='***' AIRFLOW_CTX_DAG_ID='transfer_from_minio_to_snowflake' AIRFLOW_CTX_TASK_ID='copy' AIRFLOW_CTX_EXECUTION_DATE='2026-02-07T09:48:00+00:00' AIRFLOW_CTX_TRY_NUMBER='1' AIRFLOW_CTX_DAG_RUN_ID='scheduled__2026-02-07T09:48:00+00:00'
[2026-02-07T09:50:16.520+0000] {taskinstance.py:430} INFO - ::endgroup::
[2026-02-07T09:50:16.521+0000] {copy_into_snowflake.py:142} INFO - Executing COPY command...
[2026-02-07T09:50:16.527+0000] {base.py:84} INFO - Using connection ID 'warehouse_id' for task execution.
[2026-02-07T09:50:16.568+0000] {connection.py:611} INFO - Snowflake Connector for Python Version: 4.2.0, Python Version: 3.12.4, Platform: Linux-6.12.67-linuxkit-aarch64-with-glibc2.36
[2026-02-07T09:50:16.568+0000] {connection.py:1695} INFO - Connecting to GLOBAL Snowflake domain
[2026-02-07T09:50:17.028+0000] {sql.py:495} INFO - Running statement: COPY INTO BRONZE
             FROM  @incoming/
        
        
        FILE_FORMAT=(TYPE= 'JSON')
        ON_ERROR= 'continue', parameters: None
[2026-02-07T09:50:21.682+0000] {sql.py:504} INFO - Rows affected: 1
[2026-02-07T09:50:21.684+0000] {snowflake.py:422} INFO - Rows affected: 1
[2026-02-07T09:50:21.684+0000] {snowflake.py:423} INFO - Snowflake query id: 01c2402e-0001-8da5-000c-39020001f07e
[2026-02-07T09:50:21.766+0000] {copy_into_snowflake.py:149} INFO - COPY command completed
[2026-02-07T09:50:21.767+0000] {taskinstance.py:441} INFO - ::group::Post task execution logs
[2026-02-07T09:50:21.787+0000] {taskinstance.py:1206} INFO - Marking task as SUCCESS. dag_id=transfer_from_minio_to_snowflake, task_id=copy, run_id=scheduled__2026-02-07T09:48:00+00:00, execution_date=20260207T094800, start_date=20260207T095016, end_date=20260207T095021
[2026-02-07T09:50:21.821+0000] {local_task_job_runner.py:243} INFO - Task exited with return code 0
[2026-02-07T09:50:21.836+0000] {taskinstance.py:3503} INFO - 0 downstream tasks scheduled from follow-on schedule check
[2026-02-07T09:50:21.837+0000] {local_task_job_runner.py:222} INFO - ::endgroup::
