[2026-02-05T19:00:24.535+0000] {local_task_job_runner.py:120} INFO - ::group::Pre task execution logs
[2026-02-05T19:00:24.554+0000] {taskinstance.py:2076} INFO - Dependencies all met for dep_context=non-requeueable deps ti=<TaskInstance: transfer_from_minio_to_snowflake.create_bronze manual__2026-02-05T18:41:18.318829+00:00 [queued]>
[2026-02-05T19:00:24.558+0000] {taskinstance.py:2076} INFO - Dependencies all met for dep_context=requeueable deps ti=<TaskInstance: transfer_from_minio_to_snowflake.create_bronze manual__2026-02-05T18:41:18.318829+00:00 [queued]>
[2026-02-05T19:00:24.558+0000] {taskinstance.py:2306} INFO - Starting attempt 2 of 3
[2026-02-05T19:00:24.563+0000] {taskinstance.py:2330} INFO - Executing <Task(SQLExecuteQueryOperator): create_bronze> on 2026-02-05 18:41:18.318829+00:00
[2026-02-05T19:00:24.568+0000] {standard_task_runner.py:90} INFO - Running: ['***', 'tasks', 'run', 'transfer_from_minio_to_snowflake', 'create_bronze', 'manual__2026-02-05T18:41:18.318829+00:00', '--job-id', '37', '--raw', '--subdir', 'DAGS_FOLDER/transfer.py', '--cfg-path', '/tmp/tmpeihcalqg']
[2026-02-05T19:00:24.571+0000] {standard_task_runner.py:91} INFO - Job 37: Subtask create_bronze
[2026-02-05T19:00:24.569+0000] {logging_mixin.py:188} WARNING - /home/***/.local/lib/python3.12/site-packages/***/task/task_runner/standard_task_runner.py:62 DeprecationWarning: This process (pid=52) is multi-threaded, use of fork() may lead to deadlocks in the child.
[2026-02-05T19:00:24.573+0000] {standard_task_runner.py:64} INFO - Started process 64 to run task
[2026-02-05T19:00:24.622+0000] {task_command.py:426} INFO - Running <TaskInstance: transfer_from_minio_to_snowflake.create_bronze manual__2026-02-05T18:41:18.318829+00:00 [running]> on host ad043b35f3c2
[2026-02-05T19:00:24.937+0000] {taskinstance.py:2648} INFO - Exporting env vars: AIRFLOW_CTX_DAG_OWNER='***' AIRFLOW_CTX_DAG_ID='transfer_from_minio_to_snowflake' AIRFLOW_CTX_TASK_ID='create_bronze' AIRFLOW_CTX_EXECUTION_DATE='2026-02-05T18:41:18.318829+00:00' AIRFLOW_CTX_TRY_NUMBER='2' AIRFLOW_CTX_DAG_RUN_ID='manual__2026-02-05T18:41:18.318829+00:00'
[2026-02-05T19:00:24.938+0000] {taskinstance.py:430} INFO - ::endgroup::
[2026-02-05T19:00:24.938+0000] {sql.py:282} INFO - Executing:  CREATE TABLE IF NOT EXISTS BRONZE (
                    raw_json VARIANT,
                    inserted_at TIMESTAMP_NTZ DEFAULT CURRENT_TIMESTAMP());
                  
[2026-02-05T19:00:24.939+0000] {crypto.py:82} WARNING - empty cryptography key - values will not be stored encrypted.
[2026-02-05T19:00:24.939+0000] {base.py:84} INFO - Using connection ID 'SNOWFLAKE_DEFAULT' for task execution.
[2026-02-05T19:00:24.969+0000] {base.py:84} INFO - Using connection ID 'SNOWFLAKE_DEFAULT' for task execution.
[2026-02-05T19:00:24.970+0000] {connection.py:611} INFO - Snowflake Connector for Python Version: 4.2.0, Python Version: 3.12.4, Platform: Linux-6.12.67-linuxkit-aarch64-with-glibc2.36
[2026-02-05T19:00:24.970+0000] {connection.py:1695} INFO - Connecting to GLOBAL Snowflake domain
[2026-02-05T19:00:24.971+0000] {taskinstance.py:441} INFO - ::group::Post task execution logs
[2026-02-05T19:00:24.971+0000] {taskinstance.py:2905} ERROR - Task failed with exception
Traceback (most recent call last):
  File "/home/airflow/.local/lib/python3.12/site-packages/airflow/models/taskinstance.py", line 465, in _execute_task
    result = _execute_callable(context=context, **execute_callable_kwargs)
             ^^^^^^^^^^^^^^^^^^^^^^^^^^^^^^^^^^^^^^^^^^^^^^^^^^^^^^^^^^^^^
  File "/home/airflow/.local/lib/python3.12/site-packages/airflow/models/taskinstance.py", line 432, in _execute_callable
    return execute_callable(context=context, **execute_callable_kwargs)
           ^^^^^^^^^^^^^^^^^^^^^^^^^^^^^^^^^^^^^^^^^^^^^^^^^^^^^^^^^^^^
  File "/home/airflow/.local/lib/python3.12/site-packages/airflow/models/baseoperator.py", line 401, in wrapper
    return func(self, *args, **kwargs)
           ^^^^^^^^^^^^^^^^^^^^^^^^^^^
  File "/home/airflow/.local/lib/python3.12/site-packages/airflow/providers/common/sql/operators/sql.py", line 288, in execute
    output = hook.run(
             ^^^^^^^^^
  File "/home/airflow/.local/lib/python3.12/site-packages/airflow/providers/snowflake/hooks/snowflake.py", line 404, in run
    with closing(self.get_conn()) as conn:
                 ^^^^^^^^^^^^^^^
  File "/home/airflow/.local/lib/python3.12/site-packages/airflow/providers/snowflake/hooks/snowflake.py", line 300, in get_conn
    conn = connector.connect(**conn_config)
           ^^^^^^^^^^^^^^^^^^^^^^^^^^^^^^^^
  File "/home/airflow/.local/lib/python3.12/site-packages/snowflake/connector/__init__.py", line 64, in Connect
    return SnowflakeConnection(**kwargs)
           ^^^^^^^^^^^^^^^^^^^^^^^^^^^^^
  File "/home/airflow/.local/lib/python3.12/site-packages/snowflake/connector/connection.py", line 679, in __init__
    self.connect(**kwargs)
  File "/home/airflow/.local/lib/python3.12/site-packages/snowflake/connector/connection.py", line 1112, in connect
    self.__config(**kwargs)
  File "/home/airflow/.local/lib/python3.12/site-packages/snowflake/connector/connection.py", line 1808, in __config
    Error.errorhandler_wrapper(
  File "/home/airflow/.local/lib/python3.12/site-packages/snowflake/connector/errors.py", line 298, in errorhandler_wrapper
    handed_over = Error.hand_to_other_handler(
                  ^^^^^^^^^^^^^^^^^^^^^^^^^^^^
  File "/home/airflow/.local/lib/python3.12/site-packages/snowflake/connector/errors.py", line 361, in hand_to_other_handler
    connection.errorhandler(connection, cursor, error_class, error_value)
  File "/home/airflow/.local/lib/python3.12/site-packages/snowflake/connector/errors.py", line 229, in default_errorhandler
    raise error_class(
snowflake.connector.errors.ProgrammingError: 251001: 251001: Account must be specified
[2026-02-05T19:00:24.978+0000] {taskinstance.py:1206} INFO - Marking task as UP_FOR_RETRY. dag_id=transfer_from_minio_to_snowflake, task_id=create_bronze, run_id=manual__2026-02-05T18:41:18.318829+00:00, execution_date=20260205T184118, start_date=20260205T190024, end_date=20260205T190024
[2026-02-05T19:00:24.984+0000] {standard_task_runner.py:110} ERROR - Failed to execute job 37 for task create_bronze (251001: 251001: Account must be specified; 64)
[2026-02-05T19:00:25.004+0000] {local_task_job_runner.py:243} INFO - Task exited with return code 1
[2026-02-05T19:00:25.021+0000] {taskinstance.py:3503} INFO - 0 downstream tasks scheduled from follow-on schedule check
[2026-02-05T19:00:25.022+0000] {local_task_job_runner.py:222} INFO - ::endgroup::
