[2026-02-07T09:49:24.059+0000] {local_task_job_runner.py:120} INFO - ::group::Pre task execution logs
[2026-02-07T09:49:24.082+0000] {taskinstance.py:2076} INFO - Dependencies all met for dep_context=non-requeueable deps ti=<TaskInstance: transfer_from_minio_to_snowflake.create_stage scheduled__2026-02-07T09:46:00+00:00 [queued]>
[2026-02-07T09:49:24.092+0000] {taskinstance.py:2076} INFO - Dependencies all met for dep_context=requeueable deps ti=<TaskInstance: transfer_from_minio_to_snowflake.create_stage scheduled__2026-02-07T09:46:00+00:00 [queued]>
[2026-02-07T09:49:24.092+0000] {taskinstance.py:2306} INFO - Starting attempt 1 of 3
[2026-02-07T09:49:24.098+0000] {taskinstance.py:2330} INFO - Executing <Task(SQLExecuteQueryOperator): create_stage> on 2026-02-07 09:46:00+00:00
[2026-02-07T09:49:24.104+0000] {logging_mixin.py:188} WARNING - /home/***/.local/lib/python3.12/site-packages/***/task/task_runner/standard_task_runner.py:62 DeprecationWarning: This process (pid=189) is multi-threaded, use of fork() may lead to deadlocks in the child.
[2026-02-07T09:49:24.105+0000] {standard_task_runner.py:64} INFO - Started process 201 to run task
[2026-02-07T09:49:24.104+0000] {standard_task_runner.py:90} INFO - Running: ['***', 'tasks', 'run', 'transfer_from_minio_to_snowflake', 'create_stage', 'scheduled__2026-02-07T09:46:00+00:00', '--job-id', '106', '--raw', '--subdir', 'DAGS_FOLDER/transfer.py', '--cfg-path', '/tmp/tmp26sl_i3r']
[2026-02-07T09:49:24.106+0000] {standard_task_runner.py:91} INFO - Job 106: Subtask create_stage
[2026-02-07T09:49:24.138+0000] {task_command.py:426} INFO - Running <TaskInstance: transfer_from_minio_to_snowflake.create_stage scheduled__2026-02-07T09:46:00+00:00 [running]> on host 83f212180a9d
[2026-02-07T09:49:24.300+0000] {taskinstance.py:2648} INFO - Exporting env vars: AIRFLOW_CTX_DAG_OWNER='***' AIRFLOW_CTX_DAG_ID='transfer_from_minio_to_snowflake' AIRFLOW_CTX_TASK_ID='create_stage' AIRFLOW_CTX_EXECUTION_DATE='2026-02-07T09:46:00+00:00' AIRFLOW_CTX_TRY_NUMBER='1' AIRFLOW_CTX_DAG_RUN_ID='scheduled__2026-02-07T09:46:00+00:00'
[2026-02-07T09:49:24.300+0000] {taskinstance.py:430} INFO - ::endgroup::
[2026-02-07T09:49:24.301+0000] {sql.py:282} INFO - Executing:  CREATE STAGE IF NOT EXISTS incoming  
                 URL = 's3://de-project-banking-pipeline-dev-1/transactions'
                 STORAGE_INTEGRATION = my_s3_integration
                 FILE_FORMAT = (TYPE = 'JSON'); 
[2026-02-07T09:49:24.307+0000] {base.py:84} INFO - Using connection ID 'warehouse_id' for task execution.
[2026-02-07T09:49:24.344+0000] {base.py:84} INFO - Using connection ID 'warehouse_id' for task execution.
[2026-02-07T09:49:24.383+0000] {connection.py:611} INFO - Snowflake Connector for Python Version: 4.2.0, Python Version: 3.12.4, Platform: Linux-6.12.67-linuxkit-aarch64-with-glibc2.36
[2026-02-07T09:49:24.383+0000] {connection.py:1695} INFO - Connecting to GLOBAL Snowflake domain
[2026-02-07T09:49:24.885+0000] {sql.py:495} INFO - Running statement: CREATE STAGE IF NOT EXISTS incoming  
                 URL = 's3://de-project-banking-pipeline-dev-1/transactions'
                 STORAGE_INTEGRATION = my_s3_integration
                 FILE_FORMAT = (TYPE = 'JSON');, parameters: None
[2026-02-07T09:49:24.988+0000] {sql.py:504} INFO - Rows affected: 1
[2026-02-07T09:49:24.989+0000] {snowflake.py:422} INFO - Rows affected: 1
[2026-02-07T09:49:24.989+0000] {snowflake.py:423} INFO - Snowflake query id: 01c2402d-0001-8d5e-000c-39020001d13e
[2026-02-07T09:49:25.162+0000] {taskinstance.py:441} INFO - ::group::Post task execution logs
[2026-02-07T09:49:25.211+0000] {taskinstance.py:1206} INFO - Marking task as SUCCESS. dag_id=transfer_from_minio_to_snowflake, task_id=create_stage, run_id=scheduled__2026-02-07T09:46:00+00:00, execution_date=20260207T094600, start_date=20260207T094924, end_date=20260207T094925
[2026-02-07T09:49:25.235+0000] {local_task_job_runner.py:243} INFO - Task exited with return code 0
[2026-02-07T09:49:25.304+0000] {taskinstance.py:3503} INFO - 1 downstream tasks scheduled from follow-on schedule check
[2026-02-07T09:49:25.307+0000] {local_task_job_runner.py:222} INFO - ::endgroup::
