[2026-02-04T08:54:10.310+0000] {local_task_job_runner.py:120} INFO - ::group::Pre task execution logs
[2026-02-04T08:54:10.328+0000] {taskinstance.py:2076} INFO - Dependencies all met for dep_context=non-requeueable deps ti=<TaskInstance: transfer_from_minio_to_snowflake.create_bronze scheduled__2026-01-04T00:00:00+00:00 [queued]>
[2026-02-04T08:54:10.331+0000] {taskinstance.py:2076} INFO - Dependencies all met for dep_context=requeueable deps ti=<TaskInstance: transfer_from_minio_to_snowflake.create_bronze scheduled__2026-01-04T00:00:00+00:00 [queued]>
[2026-02-04T08:54:10.331+0000] {taskinstance.py:2306} INFO - Starting attempt 1 of 3
[2026-02-04T08:54:10.336+0000] {taskinstance.py:2330} INFO - Executing <Task(SQLExecuteQueryOperator): create_bronze> on 2026-01-04 00:00:00+00:00
[2026-02-04T08:54:10.341+0000] {logging_mixin.py:188} WARNING - /home/***/.local/lib/python3.12/site-packages/***/task/task_runner/standard_task_runner.py:62 DeprecationWarning: This process (pid=84) is multi-threaded, use of fork() may lead to deadlocks in the child.
[2026-02-04T08:54:10.342+0000] {standard_task_runner.py:64} INFO - Started process 96 to run task
[2026-02-04T08:54:10.341+0000] {standard_task_runner.py:90} INFO - Running: ['***', 'tasks', 'run', 'transfer_from_minio_to_snowflake', 'create_bronze', 'scheduled__2026-01-04T00:00:00+00:00', '--job-id', '15', '--raw', '--subdir', 'DAGS_FOLDER/transfer.py', '--cfg-path', '/tmp/tmpstrajgoz']
[2026-02-04T08:54:10.343+0000] {standard_task_runner.py:91} INFO - Job 15: Subtask create_bronze
[2026-02-04T08:54:10.369+0000] {task_command.py:426} INFO - Running <TaskInstance: transfer_from_minio_to_snowflake.create_bronze scheduled__2026-01-04T00:00:00+00:00 [running]> on host 9838592f887f
[2026-02-04T08:54:10.620+0000] {taskinstance.py:2648} INFO - Exporting env vars: AIRFLOW_CTX_DAG_OWNER='***' AIRFLOW_CTX_DAG_ID='transfer_from_minio_to_snowflake' AIRFLOW_CTX_TASK_ID='create_bronze' AIRFLOW_CTX_EXECUTION_DATE='2026-01-04T00:00:00+00:00' AIRFLOW_CTX_TRY_NUMBER='1' AIRFLOW_CTX_DAG_RUN_ID='scheduled__2026-01-04T00:00:00+00:00'
[2026-02-04T08:54:10.621+0000] {taskinstance.py:430} INFO - ::endgroup::
[2026-02-04T08:54:10.621+0000] {sql.py:282} INFO - Executing:  CREATE TABLE IF NOT EXISTS BRONZE (
                    raw_json VARIANT,
                    inserted_at TIMESTAMP_NTZ DEFAULT CURRENT_TIMESTAMP());
                  
[2026-02-04T08:54:10.622+0000] {crypto.py:82} WARNING - empty cryptography key - values will not be stored encrypted.
[2026-02-04T08:54:10.623+0000] {base.py:84} INFO - Using connection ID 'snowflake_conn' for task execution.
[2026-02-04T08:54:10.685+0000] {taskinstance.py:441} INFO - ::group::Post task execution logs
[2026-02-04T08:54:10.699+0000] {taskinstance.py:2905} ERROR - Task failed with exception
Traceback (most recent call last):
  File "/home/airflow/.local/lib/python3.12/site-packages/airflow/models/taskinstance.py", line 465, in _execute_task
    result = _execute_callable(context=context, **execute_callable_kwargs)
             ^^^^^^^^^^^^^^^^^^^^^^^^^^^^^^^^^^^^^^^^^^^^^^^^^^^^^^^^^^^^^
  File "/home/airflow/.local/lib/python3.12/site-packages/airflow/models/taskinstance.py", line 432, in _execute_callable
    return execute_callable(context=context, **execute_callable_kwargs)
           ^^^^^^^^^^^^^^^^^^^^^^^^^^^^^^^^^^^^^^^^^^^^^^^^^^^^^^^^^^^^
  File "/home/airflow/.local/lib/python3.12/site-packages/airflow/models/baseoperator.py", line 401, in wrapper
    return func(self, *args, **kwargs)
           ^^^^^^^^^^^^^^^^^^^^^^^^^^^
  File "/home/airflow/.local/lib/python3.12/site-packages/airflow/providers/common/sql/operators/sql.py", line 283, in execute
    hook = self.get_db_hook()
           ^^^^^^^^^^^^^^^^^^
  File "/home/airflow/.local/lib/python3.12/site-packages/airflow/providers/common/sql/operators/sql.py", line 194, in get_db_hook
    return self._hook
           ^^^^^^^^^^
  File "/usr/local/lib/python3.12/functools.py", line 995, in __get__
    val = self.func(instance)
          ^^^^^^^^^^^^^^^^^^^
  File "/home/airflow/.local/lib/python3.12/site-packages/airflow/providers/common/sql/operators/sql.py", line 154, in _hook
    hook = conn.get_hook(hook_params=self.hook_params)
           ^^^^^^^^^^^^^^^^^^^^^^^^^^^^^^^^^^^^^^^^^^^
  File "/home/airflow/.local/lib/python3.12/site-packages/airflow/models/connection.py", line 403, in get_hook
    raise AirflowException(f'Unknown hook type "{self.conn_type}"')
airflow.exceptions.AirflowException: Unknown hook type ""
[2026-02-04T08:54:10.703+0000] {taskinstance.py:1206} INFO - Marking task as UP_FOR_RETRY. dag_id=transfer_from_minio_to_snowflake, task_id=create_bronze, run_id=scheduled__2026-01-04T00:00:00+00:00, execution_date=20260104T000000, start_date=20260204T085410, end_date=20260204T085410
[2026-02-04T08:54:10.712+0000] {standard_task_runner.py:110} ERROR - Failed to execute job 15 for task create_bronze (Unknown hook type ""; 96)
[2026-02-04T08:54:10.728+0000] {local_task_job_runner.py:243} INFO - Task exited with return code 1
[2026-02-04T08:54:10.755+0000] {taskinstance.py:3503} INFO - 0 downstream tasks scheduled from follow-on schedule check
[2026-02-04T08:54:10.756+0000] {local_task_job_runner.py:222} INFO - ::endgroup::
