[2026-02-07T09:54:11.063+0000] {local_task_job_runner.py:120} INFO - ::group::Pre task execution logs
[2026-02-07T09:54:11.086+0000] {taskinstance.py:2076} INFO - Dependencies all met for dep_context=non-requeueable deps ti=<TaskInstance: transfer_from_minio_to_snowflake.copy scheduled__2026-02-07T09:53:00+00:00 [queued]>
[2026-02-07T09:54:11.089+0000] {taskinstance.py:2076} INFO - Dependencies all met for dep_context=requeueable deps ti=<TaskInstance: transfer_from_minio_to_snowflake.copy scheduled__2026-02-07T09:53:00+00:00 [queued]>
[2026-02-07T09:54:11.089+0000] {taskinstance.py:2306} INFO - Starting attempt 1 of 3
[2026-02-07T09:54:11.094+0000] {taskinstance.py:2330} INFO - Executing <Task(CopyFromExternalStageToSnowflakeOperator): copy> on 2026-02-07 09:53:00+00:00
[2026-02-07T09:54:11.101+0000] {logging_mixin.py:188} WARNING - /home/***/.local/lib/python3.12/site-packages/***/task/task_runner/standard_task_runner.py:62 DeprecationWarning: This process (pid=554) is multi-threaded, use of fork() may lead to deadlocks in the child.
[2026-02-07T09:54:11.102+0000] {standard_task_runner.py:64} INFO - Started process 566 to run task
[2026-02-07T09:54:11.101+0000] {standard_task_runner.py:90} INFO - Running: ['***', 'tasks', 'run', 'transfer_from_minio_to_snowflake', 'copy', 'scheduled__2026-02-07T09:53:00+00:00', '--job-id', '125', '--raw', '--subdir', 'DAGS_FOLDER/transfer.py', '--cfg-path', '/tmp/tmpkfowmssm']
[2026-02-07T09:54:11.103+0000] {standard_task_runner.py:91} INFO - Job 125: Subtask copy
[2026-02-07T09:54:11.136+0000] {task_command.py:426} INFO - Running <TaskInstance: transfer_from_minio_to_snowflake.copy scheduled__2026-02-07T09:53:00+00:00 [running]> on host 83f212180a9d
[2026-02-07T09:54:11.328+0000] {taskinstance.py:2648} INFO - Exporting env vars: AIRFLOW_CTX_DAG_OWNER='***' AIRFLOW_CTX_DAG_ID='transfer_from_minio_to_snowflake' AIRFLOW_CTX_TASK_ID='copy' AIRFLOW_CTX_EXECUTION_DATE='2026-02-07T09:53:00+00:00' AIRFLOW_CTX_TRY_NUMBER='1' AIRFLOW_CTX_DAG_RUN_ID='scheduled__2026-02-07T09:53:00+00:00'
[2026-02-07T09:54:11.328+0000] {taskinstance.py:430} INFO - ::endgroup::
[2026-02-07T09:54:11.329+0000] {copy_into_snowflake.py:142} INFO - Executing COPY command...
[2026-02-07T09:54:11.336+0000] {base.py:84} INFO - Using connection ID 'warehouse_id' for task execution.
[2026-02-07T09:54:11.374+0000] {connection.py:611} INFO - Snowflake Connector for Python Version: 4.2.0, Python Version: 3.12.4, Platform: Linux-6.12.67-linuxkit-aarch64-with-glibc2.36
[2026-02-07T09:54:11.375+0000] {connection.py:1695} INFO - Connecting to GLOBAL Snowflake domain
[2026-02-07T09:54:11.818+0000] {sql.py:495} INFO - Running statement: COPY INTO BRONZE
             FROM  @incoming/
        
        
        FILE_FORMAT=(TYPE= 'JSON')
        ON_ERROR= 'continue', parameters: None
[2026-02-07T09:54:14.056+0000] {sql.py:504} INFO - Rows affected: 5
[2026-02-07T09:54:14.059+0000] {snowflake.py:422} INFO - Rows affected: 5
[2026-02-07T09:54:14.060+0000] {snowflake.py:423} INFO - Snowflake query id: 01c24032-0001-8d6b-000c-39020001c36a
[2026-02-07T09:54:14.151+0000] {copy_into_snowflake.py:149} INFO - COPY command completed
[2026-02-07T09:54:14.153+0000] {taskinstance.py:441} INFO - ::group::Post task execution logs
[2026-02-07T09:54:14.181+0000] {taskinstance.py:1206} INFO - Marking task as SUCCESS. dag_id=transfer_from_minio_to_snowflake, task_id=copy, run_id=scheduled__2026-02-07T09:53:00+00:00, execution_date=20260207T095300, start_date=20260207T095411, end_date=20260207T095414
[2026-02-07T09:54:14.229+0000] {local_task_job_runner.py:243} INFO - Task exited with return code 0
[2026-02-07T09:54:14.260+0000] {taskinstance.py:3503} INFO - 0 downstream tasks scheduled from follow-on schedule check
[2026-02-07T09:54:14.261+0000] {local_task_job_runner.py:222} INFO - ::endgroup::
